[2022-08-08 14:31:41,454] INFO Registered kafka:type=kafka.Log4jController MBean (kafka.utils.Log4jControllerRegistration$)
[2022-08-08 14:31:41,720] INFO Setting -D jdk.tls.rejectClientInitiatedRenegotiation=true to disable client-initiated TLS renegotiation (org.apache.zookeeper.common.X509Util)
[2022-08-08 14:31:41,780] INFO Registered signal handlers for TERM, INT, HUP (org.apache.kafka.common.utils.LoggingSignalHandler)
[2022-08-08 14:31:41,783] INFO starting (kafka.server.KafkaServer)
[2022-08-08 14:31:41,783] INFO Connecting to zookeeper on localhost:2182 (kafka.server.KafkaServer)
[2022-08-08 14:31:41,796] INFO [ZooKeeperClient Kafka server] Initializing a new session to localhost:2182. (kafka.zookeeper.ZooKeeperClient)
[2022-08-08 14:31:41,960] INFO Client environment:zookeeper.version=3.6.3--6401e4ad2087061bc6b9f80dec2d69f2e3c8660a, built on 04/08/2021 16:35 GMT (org.apache.zookeeper.ZooKeeper)
[2022-08-08 14:31:41,960] INFO Client environment:host.name=Prasoons-MacBook-Pro (org.apache.zookeeper.ZooKeeper)
[2022-08-08 14:31:41,960] INFO Client environment:java.version=11.0.16 (org.apache.zookeeper.ZooKeeper)
[2022-08-08 14:31:41,960] INFO Client environment:java.vendor=Ubuntu (org.apache.zookeeper.ZooKeeper)
[2022-08-08 14:31:41,960] INFO Client environment:java.home=/usr/lib/jvm/java-11-openjdk-amd64 (org.apache.zookeeper.ZooKeeper)
[2022-08-08 14:31:41,960] INFO Client environment:java.class.path=/home/prasoon/kafka/bin/../libs/activation-1.1.1.jar:/home/prasoon/kafka/bin/../libs/aopalliance-repackaged-2.6.1.jar:/home/prasoon/kafka/bin/../libs/argparse4j-0.7.0.jar:/home/prasoon/kafka/bin/../libs/audience-annotations-0.5.0.jar:/home/prasoon/kafka/bin/../libs/commons-cli-1.4.jar:/home/prasoon/kafka/bin/../libs/commons-lang3-3.8.1.jar:/home/prasoon/kafka/bin/../libs/connect-api-3.2.0.jar:/home/prasoon/kafka/bin/../libs/connect-basic-auth-extension-3.2.0.jar:/home/prasoon/kafka/bin/../libs/connect-json-3.2.0.jar:/home/prasoon/kafka/bin/../libs/connect-mirror-3.2.0.jar:/home/prasoon/kafka/bin/../libs/connect-mirror-client-3.2.0.jar:/home/prasoon/kafka/bin/../libs/connect-runtime-3.2.0.jar:/home/prasoon/kafka/bin/../libs/connect-transforms-3.2.0.jar:/home/prasoon/kafka/bin/../libs/hk2-api-2.6.1.jar:/home/prasoon/kafka/bin/../libs/hk2-locator-2.6.1.jar:/home/prasoon/kafka/bin/../libs/hk2-utils-2.6.1.jar:/home/prasoon/kafka/bin/../libs/jackson-annotations-2.12.6.jar:/home/prasoon/kafka/bin/../libs/jackson-core-2.12.6.jar:/home/prasoon/kafka/bin/../libs/jackson-databind-2.12.6.1.jar:/home/prasoon/kafka/bin/../libs/jackson-dataformat-csv-2.12.6.jar:/home/prasoon/kafka/bin/../libs/jackson-datatype-jdk8-2.12.6.jar:/home/prasoon/kafka/bin/../libs/jackson-jaxrs-base-2.12.6.jar:/home/prasoon/kafka/bin/../libs/jackson-jaxrs-json-provider-2.12.6.jar:/home/prasoon/kafka/bin/../libs/jackson-module-jaxb-annotations-2.12.6.jar:/home/prasoon/kafka/bin/../libs/jackson-module-scala_2.13-2.12.6.jar:/home/prasoon/kafka/bin/../libs/jakarta.activation-api-1.2.1.jar:/home/prasoon/kafka/bin/../libs/jakarta.annotation-api-1.3.5.jar:/home/prasoon/kafka/bin/../libs/jakarta.inject-2.6.1.jar:/home/prasoon/kafka/bin/../libs/jakarta.validation-api-2.0.2.jar:/home/prasoon/kafka/bin/../libs/jakarta.ws.rs-api-2.1.6.jar:/home/prasoon/kafka/bin/../libs/jakarta.xml.bind-api-2.3.2.jar:/home/prasoon/kafka/bin/../libs/javassist-3.27.0-GA.jar:/home/prasoon/kafka/bin/../libs/javax.servlet-api-3.1.0.jar:/home/prasoon/kafka/bin/../libs/javax.ws.rs-api-2.1.1.jar:/home/prasoon/kafka/bin/../libs/jaxb-api-2.3.0.jar:/home/prasoon/kafka/bin/../libs/jersey-client-2.34.jar:/home/prasoon/kafka/bin/../libs/jersey-common-2.34.jar:/home/prasoon/kafka/bin/../libs/jersey-container-servlet-2.34.jar:/home/prasoon/kafka/bin/../libs/jersey-container-servlet-core-2.34.jar:/home/prasoon/kafka/bin/../libs/jersey-hk2-2.34.jar:/home/prasoon/kafka/bin/../libs/jersey-server-2.34.jar:/home/prasoon/kafka/bin/../libs/jetty-client-9.4.44.v20210927.jar:/home/prasoon/kafka/bin/../libs/jetty-continuation-9.4.44.v20210927.jar:/home/prasoon/kafka/bin/../libs/jetty-http-9.4.44.v20210927.jar:/home/prasoon/kafka/bin/../libs/jetty-io-9.4.44.v20210927.jar:/home/prasoon/kafka/bin/../libs/jetty-security-9.4.44.v20210927.jar:/home/prasoon/kafka/bin/../libs/jetty-server-9.4.44.v20210927.jar:/home/prasoon/kafka/bin/../libs/jetty-servlet-9.4.44.v20210927.jar:/home/prasoon/kafka/bin/../libs/jetty-servlets-9.4.44.v20210927.jar:/home/prasoon/kafka/bin/../libs/jetty-util-9.4.44.v20210927.jar:/home/prasoon/kafka/bin/../libs/jetty-util-ajax-9.4.44.v20210927.jar:/home/prasoon/kafka/bin/../libs/jline-3.21.0.jar:/home/prasoon/kafka/bin/../libs/jopt-simple-5.0.4.jar:/home/prasoon/kafka/bin/../libs/jose4j-0.7.9.jar:/home/prasoon/kafka/bin/../libs/kafka_2.13-3.2.0.jar:/home/prasoon/kafka/bin/../libs/kafka-clients-3.2.0.jar:/home/prasoon/kafka/bin/../libs/kafka-log4j-appender-3.2.0.jar:/home/prasoon/kafka/bin/../libs/kafka-metadata-3.2.0.jar:/home/prasoon/kafka/bin/../libs/kafka-raft-3.2.0.jar:/home/prasoon/kafka/bin/../libs/kafka-server-common-3.2.0.jar:/home/prasoon/kafka/bin/../libs/kafka-shell-3.2.0.jar:/home/prasoon/kafka/bin/../libs/kafka-storage-3.2.0.jar:/home/prasoon/kafka/bin/../libs/kafka-storage-api-3.2.0.jar:/home/prasoon/kafka/bin/../libs/kafka-streams-3.2.0.jar:/home/prasoon/kafka/bin/../libs/kafka-streams-examples-3.2.0.jar:/home/prasoon/kafka/bin/../libs/kafka-streams-scala_2.13-3.2.0.jar:/home/prasoon/kafka/bin/../libs/kafka-streams-test-utils-3.2.0.jar:/home/prasoon/kafka/bin/../libs/kafka-tools-3.2.0.jar:/home/prasoon/kafka/bin/../libs/lz4-java-1.8.0.jar:/home/prasoon/kafka/bin/../libs/maven-artifact-3.8.4.jar:/home/prasoon/kafka/bin/../libs/metrics-core-2.2.0.jar:/home/prasoon/kafka/bin/../libs/metrics-core-4.1.12.1.jar:/home/prasoon/kafka/bin/../libs/netty-buffer-4.1.73.Final.jar:/home/prasoon/kafka/bin/../libs/netty-codec-4.1.73.Final.jar:/home/prasoon/kafka/bin/../libs/netty-common-4.1.73.Final.jar:/home/prasoon/kafka/bin/../libs/netty-handler-4.1.73.Final.jar:/home/prasoon/kafka/bin/../libs/netty-resolver-4.1.73.Final.jar:/home/prasoon/kafka/bin/../libs/netty-tcnative-classes-2.0.46.Final.jar:/home/prasoon/kafka/bin/../libs/netty-transport-4.1.73.Final.jar:/home/prasoon/kafka/bin/../libs/netty-transport-classes-epoll-4.1.73.Final.jar:/home/prasoon/kafka/bin/../libs/netty-transport-native-epoll-4.1.73.Final.jar:/home/prasoon/kafka/bin/../libs/netty-transport-native-unix-common-4.1.73.Final.jar:/home/prasoon/kafka/bin/../libs/osgi-resource-locator-1.0.3.jar:/home/prasoon/kafka/bin/../libs/paranamer-2.8.jar:/home/prasoon/kafka/bin/../libs/plexus-utils-3.3.0.jar:/home/prasoon/kafka/bin/../libs/reflections-0.9.12.jar:/home/prasoon/kafka/bin/../libs/reload4j-1.2.19.jar:/home/prasoon/kafka/bin/../libs/rocksdbjni-6.29.4.1.jar:/home/prasoon/kafka/bin/../libs/scala-collection-compat_2.13-2.6.0.jar:/home/prasoon/kafka/bin/../libs/scala-java8-compat_2.13-1.0.2.jar:/home/prasoon/kafka/bin/../libs/scala-library-2.13.8.jar:/home/prasoon/kafka/bin/../libs/scala-logging_2.13-3.9.4.jar:/home/prasoon/kafka/bin/../libs/scala-reflect-2.13.8.jar:/home/prasoon/kafka/bin/../libs/slf4j-api-1.7.36.jar:/home/prasoon/kafka/bin/../libs/slf4j-reload4j-1.7.36.jar:/home/prasoon/kafka/bin/../libs/snappy-java-1.1.8.4.jar:/home/prasoon/kafka/bin/../libs/trogdor-3.2.0.jar:/home/prasoon/kafka/bin/../libs/zookeeper-3.6.3.jar:/home/prasoon/kafka/bin/../libs/zookeeper-jute-3.6.3.jar:/home/prasoon/kafka/bin/../libs/zstd-jni-1.5.2-1.jar (org.apache.zookeeper.ZooKeeper)
[2022-08-08 14:31:41,960] INFO Client environment:java.library.path=/usr/java/packages/lib:/usr/lib/x86_64-linux-gnu/jni:/lib/x86_64-linux-gnu:/usr/lib/x86_64-linux-gnu:/usr/lib/jni:/lib:/usr/lib (org.apache.zookeeper.ZooKeeper)
[2022-08-08 14:31:41,960] INFO Client environment:java.io.tmpdir=/tmp (org.apache.zookeeper.ZooKeeper)
[2022-08-08 14:31:41,960] INFO Client environment:java.compiler=<NA> (org.apache.zookeeper.ZooKeeper)
[2022-08-08 14:31:41,960] INFO Client environment:os.name=Linux (org.apache.zookeeper.ZooKeeper)
[2022-08-08 14:31:41,960] INFO Client environment:os.arch=amd64 (org.apache.zookeeper.ZooKeeper)
[2022-08-08 14:31:41,960] INFO Client environment:os.version=5.15.0-43-generic (org.apache.zookeeper.ZooKeeper)
[2022-08-08 14:31:41,960] INFO Client environment:user.name=prasoon (org.apache.zookeeper.ZooKeeper)
[2022-08-08 14:31:41,960] INFO Client environment:user.home=/home/prasoon (org.apache.zookeeper.ZooKeeper)
[2022-08-08 14:31:41,960] INFO Client environment:user.dir=/home/prasoon/kafka (org.apache.zookeeper.ZooKeeper)
[2022-08-08 14:31:41,960] INFO Client environment:os.memory.free=972MB (org.apache.zookeeper.ZooKeeper)
[2022-08-08 14:31:41,960] INFO Client environment:os.memory.max=1024MB (org.apache.zookeeper.ZooKeeper)
[2022-08-08 14:31:41,960] INFO Client environment:os.memory.total=1024MB (org.apache.zookeeper.ZooKeeper)
[2022-08-08 14:31:41,962] INFO Initiating client connection, connectString=localhost:2182 sessionTimeout=18000 watcher=kafka.zookeeper.ZooKeeperClient$ZooKeeperClientWatcher$@3fc79729 (org.apache.zookeeper.ZooKeeper)
[2022-08-08 14:31:42,046] INFO jute.maxbuffer value is 4194304 Bytes (org.apache.zookeeper.ClientCnxnSocket)
[2022-08-08 14:31:42,052] INFO zookeeper.request.timeout value is 0. feature enabled=false (org.apache.zookeeper.ClientCnxn)
[2022-08-08 14:31:42,054] INFO [ZooKeeperClient Kafka server] Waiting until connected. (kafka.zookeeper.ZooKeeperClient)
[2022-08-08 14:31:42,055] INFO Opening socket connection to server localhost/127.0.0.1:2182. (org.apache.zookeeper.ClientCnxn)
[2022-08-08 14:31:42,446] INFO SSL handler added for channel: [id: 0x454c3e9c] (org.apache.zookeeper.ClientCnxnSocketNetty)
[2022-08-08 14:31:42,452] INFO Socket connection established, initiating session, client: /127.0.0.1:33036, server: localhost/127.0.0.1:2182 (org.apache.zookeeper.ClientCnxn)
[2022-08-08 14:31:42,453] INFO channel is connected: [id: 0x454c3e9c, L:/127.0.0.1:33036 - R:localhost/127.0.0.1:2182] (org.apache.zookeeper.ClientCnxnSocketNetty)
[2022-08-08 14:31:42,649] INFO Session establishment complete on server localhost/127.0.0.1:2182, session id = 0x10006b41fbb0004, negotiated timeout = 18000 (org.apache.zookeeper.ClientCnxn)
[2022-08-08 14:31:42,652] INFO [ZooKeeperClient Kafka server] Connected. (kafka.zookeeper.ZooKeeperClient)
[2022-08-08 14:31:42,728] INFO [feature-zk-node-event-process-thread]: Starting (kafka.server.FinalizedFeatureChangeListener$ChangeNotificationProcessorThread)
[2022-08-08 14:31:42,845] INFO Updated cache from existing <empty> to latest FinalizedFeaturesAndEpoch(features=Features{}, epoch=0). (kafka.server.FinalizedFeatureCache)
[2022-08-08 14:31:42,849] INFO Cluster ID = 0iS5XCr2ShmAQXsEKOSe-A (kafka.server.KafkaServer)
[2022-08-08 14:31:42,881] INFO KafkaConfig values: 
	advertised.listeners = SSL://localhost:9094
	alter.config.policy.class.name = null
	alter.log.dirs.replication.quota.window.num = 11
	alter.log.dirs.replication.quota.window.size.seconds = 1
	authorizer.class.name = 
	auto.create.topics.enable = true
	auto.leader.rebalance.enable = true
	background.threads = 10
	broker.heartbeat.interval.ms = 2000
	broker.id = 2
	broker.id.generation.enable = true
	broker.rack = null
	broker.session.timeout.ms = 9000
	client.quota.callback.class = null
	compression.type = producer
	connection.failed.authentication.delay.ms = 100
	connections.max.idle.ms = 600000
	connections.max.reauth.ms = 0
	control.plane.listener.name = null
	controlled.shutdown.enable = true
	controlled.shutdown.max.retries = 3
	controlled.shutdown.retry.backoff.ms = 5000
	controller.listener.names = null
	controller.quorum.append.linger.ms = 25
	controller.quorum.election.backoff.max.ms = 1000
	controller.quorum.election.timeout.ms = 1000
	controller.quorum.fetch.timeout.ms = 2000
	controller.quorum.request.timeout.ms = 2000
	controller.quorum.retry.backoff.ms = 20
	controller.quorum.voters = []
	controller.quota.window.num = 11
	controller.quota.window.size.seconds = 1
	controller.socket.timeout.ms = 30000
	create.topic.policy.class.name = null
	default.replication.factor = 1
	delegation.token.expiry.check.interval.ms = 3600000
	delegation.token.expiry.time.ms = 86400000
	delegation.token.master.key = null
	delegation.token.max.lifetime.ms = 604800000
	delegation.token.secret.key = null
	delete.records.purgatory.purge.interval.requests = 1
	delete.topic.enable = true
	fetch.max.bytes = 57671680
	fetch.purgatory.purge.interval.requests = 1000
	group.initial.rebalance.delay.ms = 0
	group.max.session.timeout.ms = 1800000
	group.max.size = 2147483647
	group.min.session.timeout.ms = 6000
	initial.broker.registration.timeout.ms = 60000
	inter.broker.listener.name = null
	inter.broker.protocol.version = 3.2-IV0
	kafka.metrics.polling.interval.secs = 10
	kafka.metrics.reporters = []
	leader.imbalance.check.interval.seconds = 300
	leader.imbalance.per.broker.percentage = 10
	listener.security.protocol.map = PLAINTEXT:PLAINTEXT,SSL:SSL,SASL_PLAINTEXT:SASL_PLAINTEXT,SASL_SSL:SASL_SSL
	listeners = SSL://:9094
	log.cleaner.backoff.ms = 15000
	log.cleaner.dedupe.buffer.size = 134217728
	log.cleaner.delete.retention.ms = 86400000
	log.cleaner.enable = true
	log.cleaner.io.buffer.load.factor = 0.9
	log.cleaner.io.buffer.size = 524288
	log.cleaner.io.max.bytes.per.second = 1.7976931348623157E308
	log.cleaner.max.compaction.lag.ms = 9223372036854775807
	log.cleaner.min.cleanable.ratio = 0.5
	log.cleaner.min.compaction.lag.ms = 0
	log.cleaner.threads = 1
	log.cleanup.policy = [delete]
	log.dir = /tmp/kafka-logs
	log.dirs = /home/prasoon/kafka/data/broker-2
	log.flush.interval.messages = 9223372036854775807
	log.flush.interval.ms = null
	log.flush.offset.checkpoint.interval.ms = 60000
	log.flush.scheduler.interval.ms = 9223372036854775807
	log.flush.start.offset.checkpoint.interval.ms = 60000
	log.index.interval.bytes = 4096
	log.index.size.max.bytes = 10485760
	log.message.downconversion.enable = true
	log.message.format.version = 3.0-IV1
	log.message.timestamp.difference.max.ms = 9223372036854775807
	log.message.timestamp.type = CreateTime
	log.preallocate = false
	log.retention.bytes = -1
	log.retention.check.interval.ms = 300000
	log.retention.hours = 168
	log.retention.minutes = null
	log.retention.ms = null
	log.roll.hours = 168
	log.roll.jitter.hours = 0
	log.roll.jitter.ms = null
	log.roll.ms = null
	log.segment.bytes = 1073741824
	log.segment.delete.delay.ms = 60000
	max.connection.creation.rate = 2147483647
	max.connections = 2147483647
	max.connections.per.ip = 2147483647
	max.connections.per.ip.overrides = 
	max.incremental.fetch.session.cache.slots = 1000
	message.max.bytes = 1048588
	metadata.log.dir = null
	metadata.log.max.record.bytes.between.snapshots = 20971520
	metadata.log.segment.bytes = 1073741824
	metadata.log.segment.min.bytes = 8388608
	metadata.log.segment.ms = 604800000
	metadata.max.retention.bytes = -1
	metadata.max.retention.ms = 604800000
	metric.reporters = []
	metrics.num.samples = 2
	metrics.recording.level = INFO
	metrics.sample.window.ms = 30000
	min.insync.replicas = 1
	node.id = 2
	num.io.threads = 8
	num.network.threads = 3
	num.partitions = 3
	num.recovery.threads.per.data.dir = 1
	num.replica.alter.log.dirs.threads = null
	num.replica.fetchers = 1
	offset.metadata.max.bytes = 4096
	offsets.commit.required.acks = -1
	offsets.commit.timeout.ms = 5000
	offsets.load.buffer.size = 5242880
	offsets.retention.check.interval.ms = 600000
	offsets.retention.minutes = 10080
	offsets.topic.compression.codec = 0
	offsets.topic.num.partitions = 50
	offsets.topic.replication.factor = 1
	offsets.topic.segment.bytes = 104857600
	password.encoder.cipher.algorithm = AES/CBC/PKCS5Padding
	password.encoder.iterations = 4096
	password.encoder.key.length = 128
	password.encoder.keyfactory.algorithm = null
	password.encoder.old.secret = null
	password.encoder.secret = null
	principal.builder.class = class org.apache.kafka.common.security.authenticator.DefaultKafkaPrincipalBuilder
	process.roles = []
	producer.purgatory.purge.interval.requests = 1000
	queued.max.request.bytes = -1
	queued.max.requests = 500
	quota.window.num = 11
	quota.window.size.seconds = 1
	remote.log.index.file.cache.total.size.bytes = 1073741824
	remote.log.manager.task.interval.ms = 30000
	remote.log.manager.task.retry.backoff.max.ms = 30000
	remote.log.manager.task.retry.backoff.ms = 500
	remote.log.manager.task.retry.jitter = 0.2
	remote.log.manager.thread.pool.size = 10
	remote.log.metadata.manager.class.name = null
	remote.log.metadata.manager.class.path = null
	remote.log.metadata.manager.impl.prefix = null
	remote.log.metadata.manager.listener.name = null
	remote.log.reader.max.pending.tasks = 100
	remote.log.reader.threads = 10
	remote.log.storage.manager.class.name = null
	remote.log.storage.manager.class.path = null
	remote.log.storage.manager.impl.prefix = null
	remote.log.storage.system.enable = false
	replica.fetch.backoff.ms = 1000
	replica.fetch.max.bytes = 1048576
	replica.fetch.min.bytes = 1
	replica.fetch.response.max.bytes = 10485760
	replica.fetch.wait.max.ms = 500
	replica.high.watermark.checkpoint.interval.ms = 5000
	replica.lag.time.max.ms = 30000
	replica.selector.class = null
	replica.socket.receive.buffer.bytes = 65536
	replica.socket.timeout.ms = 30000
	replication.quota.window.num = 11
	replication.quota.window.size.seconds = 1
	request.timeout.ms = 30000
	reserved.broker.max.id = 1000
	sasl.client.callback.handler.class = null
	sasl.enabled.mechanisms = [GSSAPI]
	sasl.jaas.config = null
	sasl.kerberos.kinit.cmd = /usr/bin/kinit
	sasl.kerberos.min.time.before.relogin = 60000
	sasl.kerberos.principal.to.local.rules = [DEFAULT]
	sasl.kerberos.service.name = null
	sasl.kerberos.ticket.renew.jitter = 0.05
	sasl.kerberos.ticket.renew.window.factor = 0.8
	sasl.login.callback.handler.class = null
	sasl.login.class = null
	sasl.login.connect.timeout.ms = null
	sasl.login.read.timeout.ms = null
	sasl.login.refresh.buffer.seconds = 300
	sasl.login.refresh.min.period.seconds = 60
	sasl.login.refresh.window.factor = 0.8
	sasl.login.refresh.window.jitter = 0.05
	sasl.login.retry.backoff.max.ms = 10000
	sasl.login.retry.backoff.ms = 100
	sasl.mechanism.controller.protocol = GSSAPI
	sasl.mechanism.inter.broker.protocol = GSSAPI
	sasl.oauthbearer.clock.skew.seconds = 30
	sasl.oauthbearer.expected.audience = null
	sasl.oauthbearer.expected.issuer = null
	sasl.oauthbearer.jwks.endpoint.refresh.ms = 3600000
	sasl.oauthbearer.jwks.endpoint.retry.backoff.max.ms = 10000
	sasl.oauthbearer.jwks.endpoint.retry.backoff.ms = 100
	sasl.oauthbearer.jwks.endpoint.url = null
	sasl.oauthbearer.scope.claim.name = scope
	sasl.oauthbearer.sub.claim.name = sub
	sasl.oauthbearer.token.endpoint.url = null
	sasl.server.callback.handler.class = null
	security.inter.broker.protocol = SSL
	security.providers = null
	socket.connection.setup.timeout.max.ms = 30000
	socket.connection.setup.timeout.ms = 10000
	socket.listen.backlog.size = 50
	socket.receive.buffer.bytes = 102400
	socket.request.max.bytes = 104857600
	socket.send.buffer.bytes = 102400
	ssl.cipher.suites = []
	ssl.client.auth = required
	ssl.enabled.protocols = [TLSv1.2, TLSv1.3]
	ssl.endpoint.identification.algorithm = https
	ssl.engine.factory.class = null
	ssl.key.password = [hidden]
	ssl.keymanager.algorithm = SunX509
	ssl.keystore.certificate.chain = null
	ssl.keystore.key = null
	ssl.keystore.location = /home/prasoon/kafka/ssl/kafka.broker0.keystore.jks
	ssl.keystore.password = [hidden]
	ssl.keystore.type = JKS
	ssl.principal.mapping.rules = DEFAULT
	ssl.protocol = TLSv1.2
	ssl.provider = null
	ssl.secure.random.implementation = null
	ssl.trustmanager.algorithm = PKIX
	ssl.truststore.certificates = null
	ssl.truststore.location = /home/prasoon/kafka/ssl/kafka.broker0.truststore.jks
	ssl.truststore.password = [hidden]
	ssl.truststore.type = JKS
	transaction.abort.timed.out.transaction.cleanup.interval.ms = 10000
	transaction.max.timeout.ms = 900000
	transaction.remove.expired.transaction.cleanup.interval.ms = 3600000
	transaction.state.log.load.buffer.size = 5242880
	transaction.state.log.min.isr = 1
	transaction.state.log.num.partitions = 50
	transaction.state.log.replication.factor = 1
	transaction.state.log.segment.bytes = 104857600
	transactional.id.expiration.ms = 604800000
	unclean.leader.election.enable = false
	zookeeper.clientCnxnSocket = org.apache.zookeeper.ClientCnxnSocketNetty
	zookeeper.connect = localhost:2182
	zookeeper.connection.timeout.ms = 18000
	zookeeper.max.in.flight.requests = 10
	zookeeper.session.timeout.ms = 18000
	zookeeper.set.acl = false
	zookeeper.ssl.cipher.suites = null
	zookeeper.ssl.client.enable = true
	zookeeper.ssl.crl.enable = false
	zookeeper.ssl.enabled.protocols = null
	zookeeper.ssl.endpoint.identification.algorithm = HTTPS
	zookeeper.ssl.keystore.location = /home/prasoon/kafka/ssl/kafka.broker2.keystore.jks
	zookeeper.ssl.keystore.password = [hidden]
	zookeeper.ssl.keystore.type = null
	zookeeper.ssl.ocsp.enable = false
	zookeeper.ssl.protocol = TLSv1.2
	zookeeper.ssl.truststore.location = /home/prasoon/kafka/ssl/kafka.broker2.truststore.jks
	zookeeper.ssl.truststore.password = [hidden]
	zookeeper.ssl.truststore.type = null
 (kafka.server.KafkaConfig)
[2022-08-08 14:31:42,902] INFO [ThrottledChannelReaper-Fetch]: Starting (kafka.server.ClientQuotaManager$ThrottledChannelReaper)
[2022-08-08 14:31:42,903] INFO [ThrottledChannelReaper-Produce]: Starting (kafka.server.ClientQuotaManager$ThrottledChannelReaper)
[2022-08-08 14:31:42,904] INFO [ThrottledChannelReaper-Request]: Starting (kafka.server.ClientQuotaManager$ThrottledChannelReaper)
[2022-08-08 14:31:42,904] INFO [ThrottledChannelReaper-ControllerMutation]: Starting (kafka.server.ClientQuotaManager$ThrottledChannelReaper)
[2022-08-08 14:31:42,925] INFO Loading logs from log dirs ArraySeq(/home/prasoon/kafka/data/broker-2) (kafka.log.LogManager)
[2022-08-08 14:31:42,926] INFO Skipping recovery for all logs in /home/prasoon/kafka/data/broker-2 since clean shutdown file was found (kafka.log.LogManager)
[2022-08-08 14:31:42,930] INFO Loaded 0 logs in 5ms. (kafka.log.LogManager)
[2022-08-08 14:31:42,930] INFO Starting log cleanup with a period of 300000 ms. (kafka.log.LogManager)
[2022-08-08 14:31:42,932] INFO Starting log flusher with a default period of 9223372036854775807 ms. (kafka.log.LogManager)
[2022-08-08 14:31:43,237] INFO [BrokerToControllerChannelManager broker=2 name=forwarding]: Starting (kafka.server.BrokerToControllerRequestThread)
[2022-08-08 14:31:43,350] INFO Updated connection-accept-rate max connection creation rate to 2147483647 (kafka.network.ConnectionQuotas)
[2022-08-08 14:31:43,351] INFO Awaiting socket connections on 0.0.0.0:9094. (kafka.network.DataPlaneAcceptor)
[2022-08-08 14:31:43,755] INFO [SocketServer listenerType=ZK_BROKER, nodeId=2] Created data-plane acceptor and processors for endpoint : ListenerName(SSL) (kafka.network.SocketServer)
[2022-08-08 14:31:43,842] INFO [BrokerToControllerChannelManager broker=2 name=alterPartition]: Starting (kafka.server.BrokerToControllerRequestThread)
[2022-08-08 14:31:43,856] INFO [ExpirationReaper-2-Produce]: Starting (kafka.server.DelayedOperationPurgatory$ExpiredOperationReaper)
[2022-08-08 14:31:43,857] INFO [ExpirationReaper-2-Fetch]: Starting (kafka.server.DelayedOperationPurgatory$ExpiredOperationReaper)
[2022-08-08 14:31:43,857] INFO [ExpirationReaper-2-DeleteRecords]: Starting (kafka.server.DelayedOperationPurgatory$ExpiredOperationReaper)
[2022-08-08 14:31:43,858] INFO [ExpirationReaper-2-ElectLeader]: Starting (kafka.server.DelayedOperationPurgatory$ExpiredOperationReaper)
[2022-08-08 14:31:43,867] INFO [LogDirFailureHandler]: Starting (kafka.server.ReplicaManager$LogDirFailureHandler)
[2022-08-08 14:31:43,906] INFO Creating /brokers/ids/2 (is it secure? false) (kafka.zk.KafkaZkClient)
[2022-08-08 14:31:43,919] INFO Stat of the created znode at /brokers/ids/2 is: 447,447,1659949303913,1659949303913,1,0,0,72064964734156804,175,0,447
 (kafka.zk.KafkaZkClient)
[2022-08-08 14:31:43,919] INFO Registered broker 2 at path /brokers/ids/2 with addresses: SSL://localhost:9094, czxid (broker epoch): 447 (kafka.zk.KafkaZkClient)
[2022-08-08 14:31:43,969] INFO [ExpirationReaper-2-topic]: Starting (kafka.server.DelayedOperationPurgatory$ExpiredOperationReaper)
[2022-08-08 14:31:43,974] INFO [ExpirationReaper-2-Heartbeat]: Starting (kafka.server.DelayedOperationPurgatory$ExpiredOperationReaper)
[2022-08-08 14:31:43,974] INFO [ExpirationReaper-2-Rebalance]: Starting (kafka.server.DelayedOperationPurgatory$ExpiredOperationReaper)
[2022-08-08 14:31:43,986] INFO [GroupCoordinator 2]: Starting up. (kafka.coordinator.group.GroupCoordinator)
[2022-08-08 14:31:43,990] INFO [GroupCoordinator 2]: Startup complete. (kafka.coordinator.group.GroupCoordinator)
[2022-08-08 14:31:44,082] INFO [TransactionCoordinator id=2] Starting up. (kafka.coordinator.transaction.TransactionCoordinator)
[2022-08-08 14:31:44,085] INFO [Transaction Marker Channel Manager 2]: Starting (kafka.coordinator.transaction.TransactionMarkerChannelManager)
[2022-08-08 14:31:44,085] INFO [TransactionCoordinator id=2] Startup complete. (kafka.coordinator.transaction.TransactionCoordinator)
[2022-08-08 14:31:44,108] INFO [ExpirationReaper-2-AlterAcls]: Starting (kafka.server.DelayedOperationPurgatory$ExpiredOperationReaper)
[2022-08-08 14:31:44,120] INFO [/config/changes-event-process-thread]: Starting (kafka.common.ZkNodeChangeNotificationListener$ChangeEventProcessThread)
[2022-08-08 14:31:44,131] INFO [SocketServer listenerType=ZK_BROKER, nodeId=2] Starting socket server acceptors and processors (kafka.network.SocketServer)
[2022-08-08 14:31:44,134] INFO [SocketServer listenerType=ZK_BROKER, nodeId=2] Started data-plane acceptor and processor(s) for endpoint : ListenerName(SSL) (kafka.network.SocketServer)
[2022-08-08 14:31:44,134] INFO [SocketServer listenerType=ZK_BROKER, nodeId=2] Started socket server acceptors and processors (kafka.network.SocketServer)
[2022-08-08 14:31:44,137] INFO Kafka version: 3.2.0 (org.apache.kafka.common.utils.AppInfoParser)
[2022-08-08 14:31:44,137] INFO Kafka commitId: 38103ffaa962ef50 (org.apache.kafka.common.utils.AppInfoParser)
[2022-08-08 14:31:44,137] INFO Kafka startTimeMs: 1659949304134 (org.apache.kafka.common.utils.AppInfoParser)
[2022-08-08 14:31:44,138] INFO [KafkaServer id=2] started (kafka.server.KafkaServer)
[2022-08-08 14:31:44,244] INFO [BrokerToControllerChannelManager broker=2 name=alterPartition]: Recorded new controller, from now on will use broker localhost:9092 (id: 0 rack: null) (kafka.server.BrokerToControllerRequestThread)
[2022-08-08 14:31:44,245] INFO [BrokerToControllerChannelManager broker=2 name=forwarding]: Recorded new controller, from now on will use broker localhost:9092 (id: 0 rack: null) (kafka.server.BrokerToControllerRequestThread)
[2022-08-08 14:55:31,694] INFO [ReplicaFetcherManager on broker 1] Removed fetcher for partitions Set(ssl-topic-1) (kafka.server.ReplicaFetcherManager)
[2022-08-08 14:55:31,770] INFO [LogLoader partition=ssl-topic-1, dir=/home/prasoon/kafka/data/broker-1] Loading producer state till offset 0 with message format version 2 (kafka.log.UnifiedLog$)
[2022-08-08 14:55:31,781] INFO Created log for partition ssl-topic-1 in /home/prasoon/kafka/data/broker-1/ssl-topic-1 with properties {} (kafka.log.LogManager)
[2022-08-08 14:55:31,783] INFO [Partition ssl-t[2022-08-08 14:55:31,790] INFO Created log for partition ssl-topic-0 in /home/prasoon/kafka/data/broker-2/ssl-topic-0 with properties {} (kafka.log.LogManager)
[2022-08-08 14:55:31,792] INFO [Partition ssl-topic-0 broker=2] No checkpointed highwatermark is found fo[2022-08-08 22:28:18,108] INFO Terminating process due to signal SIGTERM (org.apache.kafka.common.utils.LoggingSignalHandler)
[2022-08-08 22:28:18,110] INFO [KafkaServer id=1] shutting down (kafka.server.KafkaServer)
[2022-08-08 22:28:18,111] INFO [KafkaServer id=1] Starting controlled shutdown (kafka.server.KafkaServer)
[2022-08-08 22:28:18,248] INFO [KafkaServer id=1] Node 0 disconnected. (org.apache.kafka.clients.NetworkClient)
[2022-08-08 22:28:18,249] WARN [KafkaServer id=1] Connection to node 0 (localhost/127.0.0.1:9092) terminated during authentication. This may happen due to any of the following reasons: (1) Authentication failed due to invalid credentials with brokers older than 1.0.0, (2) Firewall blocking Kafka TLS traffic (eg it may only allow HTTPS traffic), (3) Transient network issue. (org.apache.kafka.clients.NetworkClient)
[2022-08-08 22:28:18,250] WARN [KafkaServer id=1] Error during controlled shutdown, possibly because leader movement took longer than the configured controller.socket.timeout.ms and/or request.timeout.ms: Connection to localhost:9092 (id: 0 rack: null) failed. (kafka.server.KafkaServer)
[2022-08-08 22:28:21,623] INFO Terminating process due to signal SIGTERM (org.apache.kafka.common.utils.LoggingSignalHandler)
[2022-08-08 22:28:23,251] INFO [KafkaServer id=1] Retrying controlled shutdown (2 retries remaining) (kafka.server.KafkaServer)
[2022-08-08 22:28:23,252] INFO [KafkaServer id=1] Client requested connection close from node 0 (org.apache.kafka.clients.NetworkClient)
[2022-08-08 22:28:23,313] INFO [KafkaServer id=1] Controlled shutdown request returned successfully after 11ms (kafka.server.KafkaServer)
[2022-08-08 22:28:23,316] INFO [/config/changes-event-process-thread]: Shutting down (kafka.common.ZkNodeChangeNotificationListener$ChangeEventProcessThread)
[2022-08-08 22:28:23,317] INFO [/config/changes-event-process-thread]: Stopped (kafka.common.ZkNodeChangeNotificationListener$ChangeEventProcessThread)
[2022-08-08 22:28:23,317] INFO [/config/changes-event-process-thread]: Shutdown completed (kafka.common.ZkNodeChangeNotificationListener$ChangeEventProcessThread)
[2022-08-08 22:28:23,318] INFO [SocketServer listenerType=ZK_BROKER, nodeId=1] Stopping socket server request processors (kafka.network.SocketServer)
[2022-08-08 22:28:23,323] INFO [SocketServer listenerType=ZK_BROKER, nodeId=1] Stopped socket server request processors (kafka.network.SocketServer)
[2022-08-08 22:28:23,324] INFO [data-plane Kafka Request Handler on Broker 1], shutting down (kafka.server.KafkaRequestHandlerPool)
[2022-08-08 22:28:23,326] INFO [data-plane Kafka Request Handler on Broker 1], shut down completely (kafka.server.KafkaRequestHandlerPool)
[2022-08-08 22:28:23,328] INFO [ExpirationReaper-1-AlterAcls]: Shutting down (kafka.server.DelayedOperationPurgatory$ExpiredOperationReaper)
[2022-08-08 22:28:23,329] INFO [ExpirationReaper-1-AlterAcls]: Stopped (kafka.server.DelayedOperationPurgatory$ExpiredOperationReaper)
[2022-08-08 22:28:23,330] INFO [ExpirationReaper-1-AlterAcls]: Shutdown completed (kafka.server.DelayedOperationPurgatory$ExpiredOperationReaper)
[2022-08-08 22:28:23,330] INFO [KafkaApi-1] Shutdown complete. (kafka.server.KafkaApis)
[2022-08-08 22:28:23,331] INFO [ExpirationReaper-1-topic]: Shutting down (kafka.server.DelayedOperationPurgatory$ExpiredOperationReaper)
[2022-08-08 22:28:23,331] INFO [ExpirationReaper-1-topic]: Stopped (kafka.server.DelayedOperationPurgatory$ExpiredOperationReaper)
[2022-08-08 22:28:23,331] INFO [ExpirationReaper-1-topic]: Shutdown completed (kafka.server.DelayedOperationPurgatory$ExpiredOperationReaper)
[2022-08-08 22:28:23,332] INFO [TransactionCoordinator id=1] Shutting down. (kafka.coordinator.transaction.TransactionCoordinator)
[2022-08-08 22:28:23,333] INFO [Transaction State Manager 1]: Shutdown complete (kafka.coordinator.transaction.TransactionStateManager)
[2022-08-08 22:28:23,333] INFO [Transaction Marker Channel Manager 1]: Shutting down (kafka.coordinator.transaction.TransactionMarkerChannelManager)
[2022-08-08 22:28:23,333] INFO [Transaction Marker Channel Manager 1]: Shutdown completed (kafka.coordinator.transaction.TransactionMarkerChannelManager)
[2022-08-08 22:28:23,333] INFO [Transaction Marker Channel Manager 1]: Stopped (kafka.coordinator.transaction.TransactionMarkerChannelManager)
[2022-08-08 22:28:23,334] INFO [TransactionCoordinator id=1] Shutdown complete. (kafka.coordinator.transaction.TransactionCoordinator)
[2022-08-08 22:28:23,334] INFO [GroupCoordinator 1]: Shutting down. (kafka.coordinator.group.GroupCoordinator)
[2022-08-08 22:28:23,335] INFO [ExpirationReaper-1-Heartbeat]: Shutting down (kafka.server.DelayedOperationPurgatory$ExpiredOperationReaper)
[2022-08-08 22:28:23,335] INFO [ExpirationReaper-1-Heartbeat]: Stopped (kafka.server.DelayedOperationPurgatory$ExpiredOperationReaper)
[2022-08-08 22:28:23,335] INFO [ExpirationReaper-1-Heartbeat]: Shutdown completed (kafka.server.DelayedOperationPurgatory$ExpiredOperationReaper)
[2022-08-08 22:28:23,335] INFO [ExpirationReaper-1-Rebalance]: Shutting down (kafka.server.DelayedOperationPurgatory$ExpiredOperationReaper)
[2022-08-08 22:28:23,336] INFO [ExpirationReaper-1-Rebalance]: Stopped (kafka.server.DelayedOperationPurgatory$ExpiredOperationReaper)
[2022-08-08 22:28:23,336] INFO [ExpirationReaper-1-Rebalance]: Shutdown completed (kafka.server.DelayedOperationPurgatory$ExpiredOperationReaper)
[2022-08-08 22:28:23,336] INFO [GroupCoordinator 1]: Shutdown complete. (kafka.coordinator.group.GroupCoordinator)
[2022-08-08 22:28:23,337] INFO [ReplicaManager broker=1] Shutting down (kafka.server.ReplicaManager)
[2022-08-08 22:28:23,337] INFO [LogDirFailureHandler]: Shutting down (kafka.server.ReplicaManager$LogDirFailureHandler)
[2022-08-08 22:28:23,338] INFO [LogDirFailureHandler]: Stopped (kafka.server.ReplicaManager$LogDirFailureHandler)
[2022-08-08 22:28:23,338] INFO [LogDirFailureHandler]: Shutdown completed (kafka.server.ReplicaManager$LogDirFailureHandler)
[2022-08-08 22:28:23,338] INFO [ReplicaFetcherManager on broker 1] shutting down (kafka.server.ReplicaFetcherManager)
[2022-08-08 22:28:23,339] INFO [ReplicaFetcherManager on broker 1] shutdown completed (kafka.server.ReplicaFetcherManager)
[2022-08-08 22:28:23,340] INFO [ReplicaAlterLogDirsManager on broker 1] shutting down (kafka.server.ReplicaAlterLogDirsManager)
[2022-08-08 22:28:23,340] INFO [ReplicaAlterLogDirsManager on broker 1] shutdown completed (kafka.server.ReplicaAlterLogDirsManager)
[2022-08-08 22:28:23,340] INFO [ExpirationReaper-1-Fetch]: Shutting down (kafka.server.DelayedOperationPurgatory$ExpiredOperationReaper)
[2022-08-08 22:28:23,340] INFO [ExpirationReaper-1-Fetch]: Stopped (kafka.server.DelayedOperationPurgatory$ExpiredOperationReaper)
[2022-08-08 22:28:23,340] INFO [ExpirationReaper-1-Fetch]: Shutdown completed (kafka.server.DelayedOperationPurgatory$ExpiredOperationReaper)
[2022-08-08 22:28:23,340] INFO [ExpirationReaper-1-Produce]: Shutting down (kafka.server.DelayedOperationPurgatory$ExpiredOperationReaper)
[2022-08-08 22:28:23,341] INFO [ExpirationReaper-1-Produce]: Stopped (kafka.server.DelayedOperationPurgatory$ExpiredOperationReaper)
[2022-08-08 22:28:23,341] INFO [ExpirationReaper-1-Produce]: Shutdown completed (kafka.server.DelayedOperationPurgatory$ExpiredOperationReaper)
[2022-08-08 22:28:23,341] INFO [ExpirationReaper-1-DeleteRecords]: Shutting down (kafka.server.DelayedOperationPurgatory$ExpiredOperationReaper)
[2022-08-08 22:28:23,341] INFO [ExpirationReaper-1-DeleteRecords]: Stopped (kafka.server.DelayedOperationPurgatory$ExpiredOperationReaper)
[2022-08-08 22:28:23,341] INFO [ExpirationReaper-1-DeleteRecords]: Shutdown completed (kafka.server.DelayedOperationPurgatory$ExpiredOperationReaper)
[2022-08-08 22:28:23,342] INFO [ExpirationReaper-1-ElectLeader]: Shutting down (kafka.server.DelayedOperationPurgatory$ExpiredOperationReaper)
[2022-08-08 22:28:23,342] INFO [ExpirationReaper-1-ElectLeader]: Stopped (kafka.server.DelayedOperationPurgatory$ExpiredOperationReaper)
[2022-08-08 22:28:23,342] INFO [ExpirationReaper-1-ElectLeader]: Shutdown completed (kafka.server.DelayedOperationPurgatory$ExpiredOperationReaper)
[2022-08-08 22:28:23,346] INFO [ReplicaManager broker=1] Shut down completely (kafka.server.ReplicaManager)
[2022-08-08 22:28:23,346] INFO [BrokerToControllerChannelManager broker=1 name=alterPartition]: Shutting down (kafka.server.BrokerToControllerRequestThread)
[2022-08-08 22:28:23,346] INFO [BrokerToControllerChannelManager broker=1 name=alterPartition]: Stopped (kafka.server.BrokerToControllerRequestThread)
[2022-08-08 22:28:23,346] INFO [BrokerToControllerChannelManager broker=1 name=alterPartition]: Shutdown completed (kafka.server.BrokerToControllerRequestThread)
[2022-08-08 22:28:23,347] INFO Broker to controller channel manager for alterPartition shutdown (kafka.server.BrokerToControllerChannelManagerImpl)
[2022-08-08 22:28:23,347] INFO [BrokerToControllerChannelManager broker=1 name=forwarding]: Shutting down (kafka.server.BrokerToControllerRequestThread)
[2022-08-08 22:28:23,348] INFO [BrokerToControllerChannelManager broker=1 name=forwarding]: Stopped (kafka.server.BrokerToControllerRequestThread)
[2022-08-08 22:28:23,348] INFO [BrokerToControllerChannelManager broker=1 name=forwarding]: Shutdown completed (kafka.server.BrokerToControllerRequestThread)
[2022-08-08 22:28:23,348] INFO Broker to controller channel manager for forwarding shutdown (kafka.server.BrokerToControllerChannelManagerImpl)
[2022-08-08 22:28:23,348] INFO Shutting down. (kafka.log.LogManager)
log4j:ERROR Failed to rename [/home/prasoon/kafka/bin/../logs/log-cleaner.log] to [/home/prasoon/kafka/bin/../logs/log-cleaner.log.2022-08-08-14].
[2022-08-08 22:28:23,360] INFO [ProducerStateManager partit[2022-08-08 22:28:23,368] INFO Shutdown complete. (kafka.log.LogManager)
[2022-08-08 22:28:23,374] INFO [feature-zk-node-event-process-thread]: Shutting down (kafka.server.FinalizedFeature[2022-08-08 22:28:23,375] INFO [feature-zk-node-event-process-thread]: Shutting down (kafka.server.FinalizedFeatureChangeListener$ChangeNotificationProcessorThread)
[2022-08-08 22:28:23,375] INFO [feature-zk-node-event-process-thread]: Shutdown completed (kafka.server.FinalizedFeatureChangeListener$ChangeNotificationProcessorThread)
[2022-08-08 22:28:23,375] INFO [feature-zk-node-event-process-thread]: Stopped (kafka.server.FinalizedFeatureChangeListener$ChangeNotificationProcess[2022-08-08 22:28:23,377] INFO channel is told closing (org.apache.zookeeper.ClientCnxnSocketNetty)
[2022-08-08 22:28:23,381] INFO EventThread shut down for session: 0x10006b41fbb0004 (org.apache.zookeeper.ClientCnx[2022-08-08 22:28:23,381] INFO channel is disconnected: [id: 0xe63f7616, L:/127.0.0.1:33032 ! R:local[2022-08-08 22:28:23,380] INFO channel is disconnected: [id: 0x454c3e9c, L:/127.0.0.1:33036 ! R:localhost/127.0.0.1:2182] (org.apache.zookeeper.ClientCnxnSocketNetty)[2022-08-08 22:28:23,382] INFO Session: 0x10006b41fbb0003 closed (org.apache.zookeeper.ZooKeeper)
[2022-08-08 22:28:23,382] INFO EventThread shut down for session: 0x10006b41fbb0003 (org.apache.zookeeper.ClientCnxn)
[2022-08-08 22:28:23,383] INFO [ZooKeeperClient Kafka server] Closed. (kafka.zookeeper.ZooKeeperClient)
[2022-08-08 22:28:23,383] INFO [ThrottledChannelReaper-Fetch]: Shutting down (kafka.server.ClientQuotaManager$ThrottledChannelReaper)
[2022-08-08 22:28:23,385] INFO [ThrottledChannelReaper-Fetch]: Stopped (kafka.server.ClientQuotaManager$ThrottledChannelReaper)
[2022-08-08 22:28:23,385] INFO [ThrottledChannelReaper-Fetch]: Shutdown completed (kafka.server.ClientQuotaManager$ThrottledChannelReaper)
[2022-08-08 22:28:23,385] INFO [ThrottledChannelReaper-Produce]: Shutting down (kafka.server.ClientQuotaManager$ThrottledChannelReaper)
[2022-08-08 22:28:23,385] INFO [ThrottledChannelReaper-Produce]: Stopped (kafka.server.ClientQuotaManager$ThrottledChannelReaper)
[2022-08-08 22:28:23,385] INFO [ThrottledChannelReaper-Produce]: Shutdown completed (kafka.server.ClientQuotaManager$ThrottledChannelReaper)
[2022-08-08 22:28:23,385] INFO [ThrottledChannelReaper-Request]: Shutting down (kafka.server.ClientQuotaManager$ThrottledChannelReaper)
[2022-08-08 22:28:23,385] INFO [ThrottledChannelReaper-Request]: Stopped (kafka.server.ClientQuotaManager$ThrottledChannelReaper)
[2022-08-08 22:28:23,385] INFO [ThrottledChannelReaper-Request]: Shutdown completed (kafka.server.ClientQuotaManager$ThrottledChannelReaper)
[2022-08-08 22:28:23,385] INFO [ThrottledChannelReaper-ControllerMutation]: Shutting down (kafka.server.ClientQuotaManager$ThrottledChannelReaper)
[2022-08-08 22:28:23,385] INFO [ThrottledChannelReaper-ControllerMutation]: Stopped (kafka.server.ClientQuotaManager$ThrottledChannelReaper)
[2022-08-08 22:28:23,385] INFO [ThrottledChannelReaper-ControllerMutation]: Shutdown completed (kafka.server.ClientQuotaManager$ThrottledChannelReaper)
[2022-08-08 22:28:23,[2022-08-08 22:28:23,402] INFO [SocketServer listenerType=ZK_BROKER, nodeId=2] Shutdown completed (kafka.network.So[2022-08-08 22:28:23,412] INFO [SocketServer listenerType=ZK_BROKER, nodeId=1] Shutdown completed (kafka.network.SocketServer)
[2022-08-08 22:28:23,412] INFO Metrics scheduler closed (org.apache.kafka.common.metrics.Metrics)
[2022-08-08 22:28:23,412] INFO Closing reporter org.apache.kafka.common.metrics.JmxReporter (org.apache.kafka.common.metrics.Metrics)
[2022-08-08 22:28:23,413] INFO Metrics reporters closed (org.apache.kafka.common.metrics.Metrics)
[2022-08-08 22:28:23,414] INFO Broker and topic stats closed (kafka.server.BrokerTopicStats)
[2022-08-08 22:28:23,414] INFO App info kafka.server for 1 unregistered (org.apache.kafka.common.utils.AppInfoParser)
[2022-08-08 22:28:23,415] INFO [KafkaServer id=1] shut down completed (kafka.server.KafkaServer)
