[2022-08-06 22:48:09,666] INFO Starting the log cleaner (kafka.log.LogCleaner)
[2022-08-06 22:48:09,715] INFO [kafka-log-cleaner-thread-0]: Starting (kafka.log.LogCleaner)
[2022-08-06 22:49:10,464] INFO Starting the log cleaner (kafka.log.LogCleaner)
[2022-08-06 22:49:10,517] INFO [kafka-log-cleaner-thread-0]: Starting (kafka.log.LogCleaner)
[2022-08-06 22:49:20,779] INFO Shutting down the log cleaner. (kafka.log.LogCleaner)
[2022-08-06 22:49:20,779] INFO [kafka-log-cleaner-thread-0]: Shutting down (kafka.log.LogCleaner)
[2022-08-06 22:49:20,781] INFO [kafka-log-cleaner-thread-0]: Stopped (kafka.log.LogCleaner)
[2022-08-06 22:49:20,781] INFO [kafka-log-cleaner-thread-0]: Shutdown completed (kafka.log.LogCleaner)
[2022-08-06 22:49:39,434] INFO Starting the log cleaner (kafka.log.LogCleaner)
[2022-08-06 22:49:39,485] INFO [kafka-log-cleaner-thread-0]: Starting (kafka.log.LogCleaner)
[2022-08-06 22:49:48,952] INFO Starting the log cleaner (kafka.log.LogCleaner)
[2022-08-06 22:49:49,006] INFO [kafka-log-cleaner-thread-0]: Starting (kafka.log.LogCleaner)
[2022-08-06 22:49:49,323] INFO Shutting down the log cleaner. (kafka.log.LogCleaner)
[2022-08-06 22:49:49,323] INFO [kafka-log-cleaner-thread-0]: Shutting down (kafka.log.LogCleaner)
[2022-08-06 22:49:49,324] INFO [kafka-log-cleaner-thread-0]: Stopped (kafka.log.LogCleaner)
[2022-08-06 22:49:49,324] INFO [kafka-log-cleaner-thread-0]: Shutdown completed (kafka.log.LogCleaner)
[2022-08-06 22:53:08,397] INFO Starting the log cleaner (kafka.log.LogCleaner)
[2022-08-06 22:53:08,446] INFO [kafka-log-cleaner-thread-0]: Starting (kafka.log.LogCleaner)
[2022-08-06 22:53:08,722] INFO Shutting down the log cleaner. (kafka.log.LogCleaner)
[2022-08-06 22:53:08,722] INFO [kafka-log-cleaner-thread-0]: Shutting down (kafka.log.LogCleaner)
[2022-08-06 22:53:08,723] INFO [kafka-log-cleaner-thread-0]: Stopped (kafka.log.LogCleaner)
[2022-08-06 22:53:08,723] INFO [kafka-log-cleaner-thread-0]: Shutdown completed (kafka.log.LogCleaner)
[2022-08-06 22:53:59,846] INFO Starting the log cleaner (kafka.log.LogCleaner)
[2022-08-06 22:53:59,895] INFO [kafka-log-cleaner-thread-0]: Starting (kafka.log.LogCleaner)
[2022-08-06 22:54:00,188] INFO Shutting down the log cleaner. (kafka.log.LogCleaner)
[2022-08-06 22:54:00,189] INFO [kafka-log-cleaner-thread-0]: Shutting down (kafka.log.LogCleaner)
[2022-08-06 22:54:00,189] INFO [kafka-log-cleaner-thread-0]: Stopped (kafka.log.LogCleaner)
[2022-08-06 22:54:00,189] INFO [kafka-log-cleaner-thread-0]: Shutdown completed (kafka.log.LogCleaner)
[2022-08-06 22:55:47,214] INFO Starting the log cleaner (kafka.log.LogCleaner)
[2022-08-06 22:55:47,263] INFO [kafka-log-cleaner-thread-0]: Starting (kafka.log.LogCleaner)
