[2022-08-08 22:28:18,108] INFO Terminating process due to signal SIGTERM (org.apache.kafka.common.utils.LoggingSignalHandler)
[2022-08-08 22:28:18,111] INFO [KafkaServer id=2] shutting down (kafka.server.KafkaServer)
[2022-08-08 22:28:18,117] INFO [KafkaServer id=2] Starting controlled shutdown (kafka.server.KafkaServer)
[2022-08-08 22:28:18,247] INFO [KafkaServer id=2] Node 0 disconnected. (org.apache.kafka.clients.NetworkClient)
[2022-08-08 22:28:18,248] WARN [KafkaServer id=2] Connection to node 0 (localhost/127.0.0.1:9092) terminated during authentication. This may happen due to any of the following reasons: (1) Authentication failed due to invalid credentials with brokers older than 1.0.0, (2) Firewall blocking Kafka TLS traffic (eg it may only allow HTTPS traffic), (3) Transient network issue. (org.apache.kafka.clients.NetworkClient)
[2022-08-08 22:28:18,249] WARN [KafkaServer id=2] Error during controlled shutdown, possibly because leader movement took longer than the configured controller.socket.timeout.ms and/or request.timeout.ms: Connection to localhost:9092 (id: 0 rack: null) failed. (kafka.server.KafkaServer)
[2022-08-08 22:28:21,623] INFO Terminating process due to signal SIGTERM (org.apache.kafka.common.utils.LoggingSignalHandler)
[2022-08-08 22:28:23,250] INFO [KafkaServer id=2] Retrying controlled shutdown (2 retries remaining) (kafka.server.KafkaServer)
[2022-08-08 22:28:23,251] INFO [KafkaServer id=2] Client requested connection close from node 0 (org.apache.kafka.clients.NetworkClient)
[2022-08-08 22:28:23,310] INFO [KafkaServer id=2] Controlled shutdown request returned successfully after 9ms (kafka.server.KafkaServer)
[2022-08-08 22:28:23,314] INFO [/config/changes-event-process-thread]: Shutting down (kafka.common.ZkNodeChangeNotificationListener$ChangeEventProcessThread)
[2022-08-08 22:28:23,315] INFO [/config/changes-event-process-thread]: Shutdown completed (kafka.common.ZkNodeChangeNotificationListener$ChangeEventProcessThread)
[2022-08-08 22:28:23,315] INFO [/config/changes-event-process-thread]: Stopped (kafka.common.ZkNodeChangeNotificationListener$ChangeEventProcessThread)
[2022-08-08 22:28:23,315] INFO [SocketServer listenerType=ZK_BROKER, nodeId=2] Stopping socket server request processors (kafka.network.SocketServer)
[2022-08-08 22:28:23,320] INFO [SocketServer listenerType=ZK_BROKER, nodeId=2] Stopped socket server request processors (kafka.network.SocketServer)
[2022-08-08 22:28:23,321] INFO [data-plane Kafka Request Handler on Broker 2], shutting down (kafka.server.KafkaRequestHandlerPool)
[2022-08-08 22:28:23,322] INFO [data-plane Kafka Request Handler on Broker 2], shut down completely (kafka.server.KafkaRequestHandlerPool)
[2022-08-08 22:28:23,325] INFO [ExpirationReaper-2-AlterAcls]: Shutting down (kafka.server.DelayedOperationPurgatory$ExpiredOperationReaper)
[2022-08-08 22:28:23,327] INFO [ExpirationReaper-2-AlterAcls]: Stopped (kafka.server.DelayedOperationPurgatory$ExpiredOperationReaper)
[2022-08-08 22:28:23,327] INFO [ExpirationReaper-2-AlterAcls]: Shutdown completed (kafka.server.DelayedOperationPurgatory$ExpiredOperationReaper)
[2022-08-08 22:28:23,328] INFO [KafkaApi-2] Shutdown complete. (kafka.server.KafkaApis)
[2022-08-08 22:28:23,328] INFO [ExpirationReaper-2-topic]: Shutting down (kafka.server.DelayedOperationPurgatory$ExpiredOperationReaper)
[2022-08-08 22:28:23,329] INFO [ExpirationReaper-2-topic]: Stopped (kafka.server.DelayedOperationPurgatory$ExpiredOperationReaper)
[2022-08-08 22:28:23,329] INFO [ExpirationReaper-2-topic]: Shutdown completed (kafka.server.DelayedOperationPurgatory$ExpiredOperationReaper)
[2022-08-08 22:28:23,330] INFO [TransactionCoordinator id=2] Shutting down. (kafka.coordinator.transaction.TransactionCoordinator)
[2022-08-08 22:28:23,331] INFO [Transaction State Manager 2]: Shutdown complete (kafka.coordinator.transaction.TransactionStateManager)
[2022-08-08 22:28:23,331] INFO [Transaction Marker Channel Manager 2]: Shutting down (kafka.coordinator.transaction.TransactionMarkerChannelManager)
[2022-08-08 22:28:23,331] INFO [Transaction Marker Channel Manager 2]: Stopped (kafka.coordinator.transaction.TransactionMarkerChannelManager)
[2022-08-08 22:28:23,331] INFO [Transaction Marker Channel Manager 2]: Shutdown completed (kafka.coordinator.transaction.TransactionMarkerChannelManager)
[2022-08-08 22:28:23,332] INFO [TransactionCoordinator id=2] Shutdown complete. (kafka.coordinator.transaction.TransactionCoordinator)
[2022-08-08 22:28:23,332] INFO [GroupCoordinator 2]: Shutting down. (kafka.coordinator.group.GroupCoordinator)
[2022-08-08 22:28:23,332] INFO [ExpirationReaper-2-Heartbeat]: Shutting down (kafka.server.DelayedOperationPurgatory$ExpiredOperationReaper)
[2022-08-08 22:28:23,333] INFO [ExpirationReaper-2-Heartbeat]: Stopped (kafka.server.DelayedOperationPurgatory$ExpiredOperationReaper)
[2022-08-08 22:28:23,333] INFO [ExpirationReaper-2-Heartbeat]: Shutdown completed (kafka.server.DelayedOperationPurgatory$ExpiredOperationReaper)
[2022-08-08 22:28:23,333] INFO [ExpirationReaper-2-Rebalance]: Shutting down (kafka.server.DelayedOperationPurgatory$ExpiredOperationReaper)
[2022-08-08 22:28:23,334] INFO [ExpirationReaper-2-Rebalance]: Stopped (kafka.server.DelayedOperationPurgatory$ExpiredOperationReaper)
[2022-08-08 22:28:23,334] INFO [ExpirationReaper-2-Rebalance]: Shutdown completed (kafka.server.DelayedOperationPurgatory$ExpiredOperationReaper)
[2022-08-08 22:28:23,334] INFO [GroupCoordinator 2]: Shutdown complete. (kafka.coordinator.group.GroupCoordinator)
[2022-08-08 22:28:23,335] INFO [ReplicaManager broker=2] Shutting down (kafka.server.ReplicaManager)
[2022-08-08 22:28:23,335] INFO [LogDirFailureHandler]: Shutting down (kafka.server.ReplicaManager$LogDirFailureHandler)
[2022-08-08 22:28:23,335] INFO [LogDirFailureHandler]: Shutdown completed (kafka.server.ReplicaManager$LogDirFailureHandler)
[2022-08-08 22:28:23,335] INFO [LogDirFailureHandler]: Stopped (kafka.server.ReplicaManager$LogDirFailureHandler)
[2022-08-08 22:28:23,335] INFO [ReplicaFetcherManager on broker 2] shutting down (kafka.server.ReplicaFetcherManager)
[2022-08-08 22:28:23,336] INFO [ReplicaFetcherManager on broker 2] shutdown completed (kafka.server.ReplicaFetcherManager)
[2022-08-08 22:28:23,337] INFO [ReplicaAlterLogDirsManager on broker 2] shutting down (kafka.server.ReplicaAlterLogDirsManager)
[2022-08-08 22:28:23,337] INFO [ReplicaAlterLogDirsManager on broker 2] shutdown completed (kafka.server.ReplicaAlterLogDirsManager)
[2022-08-08 22:28:23,337] INFO [ExpirationReaper-2-Fetch]: Shutting down (kafka.server.DelayedOperationPurgatory$ExpiredOperationReaper)
[2022-08-08 22:28:23,337] INFO [ExpirationReaper-2-Fetch]: Stopped (kafka.server.DelayedOperationPurgatory$ExpiredOperationReaper)
[2022-08-08 22:28:23,337] INFO [ExpirationReaper-2-Fetch]: Shutdown completed (kafka.server.DelayedOperationPurgatory$ExpiredOperationReaper)
[2022-08-08 22:28:23,338] INFO [ExpirationReaper-2-Produce]: Shutting down (kafka.server.DelayedOperationPurgatory$ExpiredOperationReaper)
[2022-08-08 22:28:23,338] INFO [ExpirationReaper-2-Produce]: Stopped (kafka.server.DelayedOperationPurgatory$ExpiredOperationReaper)
[2022-08-08 22:28:23,338] INFO [ExpirationReaper-2-Produce]: Shutdown completed (kafka.server.DelayedOperationPurgatory$ExpiredOperationReaper)
[2022-08-08 22:28:23,338] INFO [ExpirationReaper-2-DeleteRecords]: Shutting down (kafka.server.DelayedOperationPurgatory$ExpiredOperationReaper)
[2022-08-08 22:28:23,339] INFO [ExpirationReaper-2-DeleteRecords]: Stopped (kafka.server.DelayedOperationPurgatory$ExpiredOperationReaper)
[2022-08-08 22:28:23,339] INFO [ExpirationReaper-2-DeleteRecords]: Shutdown completed (kafka.server.DelayedOperationPurgatory$ExpiredOperationReaper)
[2022-08-08 22:28:23,339] INFO [ExpirationReaper-2-ElectLeader]: Shutting down (kafka.server.DelayedOperationPurgatory$ExpiredOperationReaper)
[2022-08-08 22:28:23,339] INFO [ExpirationReaper-2-ElectLeader]: Stopped (kafka.server.DelayedOperationPurgatory$ExpiredOperationReaper)
[2022-08-08 22:28:23,339] INFO [ExpirationReaper-2-ElectLeader]: Shutdown completed (kafka.server.DelayedOperationPurgatory$ExpiredOperationReaper)
[2022-08-08 22:28:23,345] INFO [ReplicaManager broker=2] Shut down completely (kafka.server.ReplicaManager)
[2022-08-08 22:28:23,345] INFO [BrokerToControllerChannelManager broker=2 name=alterPartition]: Shutting down (kafka.server.BrokerToControllerRequestThread)
[2022-08-08 22:28:23,345] INFO [BrokerToControllerChannelManager broker=2 name=alterPartition]: Stopped (kafka.server.BrokerToControllerRequestThread)
[2022-08-08 22:28:23,345] INFO [BrokerToControllerChannelManager broker=2 name=alterPartition]: Shutdown completed (kafka.server.BrokerToControllerRequestThread)
[2022-08-08 22:28:23,347] INFO Broker to controller channel manager for alterPartition shutdown (kafka.server.BrokerToControllerChannelManagerImpl)
[2022-08-08 22:28:23,347] INFO [BrokerToControllerChannelManager broker=2 name=forwarding]: Shutting down (kafka.server.BrokerToControllerRequestThread)
[2022-08-08 22:28:23,347] INFO [BrokerToControllerChannelManager broker=2 name=forwarding]: Stopped (kafka.server.BrokerToControllerRequestThread)
[2022-08-08 22:28:23,347] INFO [BrokerToControllerChannelManager broker=2 name=forwarding]: Shutdown completed (kafka.server.BrokerToControllerRequestThread)
[2022-08-08 22:28:23,347] INFO Broker to controller channel manager for forwarding shutdown (kafka.server.BrokerToControllerChannelManagerImpl)
[2022-08-08 22:28:23,348] INFO Shutting down. (kafka.log.LogManager)
[2022-08-08 22:28:23,368] INFO Shutdown complete. (kafka.log.LogManager)
[2022-08-08 22:28:23,374] INFO [feature-zk-node-event-process-thread]: Shutting down (kafka.server.FinalizedFeatureChangeListener$ChangeNotificationProcessorThread)
[2022-08-08 22:28:23,374] INFO [feature-zk-node-event-process-thread]: Shutdown completed (kafka.server.FinalizedFeatureChangeListener$ChangeNotificationProcessorThread)
[2022-08-08 22:28:23,374] INFO [feature-zk-node-event-process-thread]: Stopped (kafka.server.FinalizedFeatureChangeListener$ChangeNotificationProcessorThread)
[2022-08-08 22:28:23,375] INFO [ZooKeeperClient Kafka server] Closing. (kafka.zookeeper.ZooKeeperClient)
[2022-08-08 22:28:23,377] INFO channel is told closing (org.apache.zookeeper.ClientCnxnSocketNetty)
[2022-08-08 22:28:23,381] INFO EventThread shut down for session: 0x10006b41fbb0004 (org.apache.zookeeper.ClientCnxn)
[2022-08-08 22:28:23,381] INFO Session: 0x10006b41fbb0004 closed (org.apache.zookeeper.ZooKeeper)
[2022-08-08 22:28:23,380] INFO channel is disconnected: [id: 0x454c3e9c, L:/127.0.0.1:33036 ! R:localhost/127.0.0.1:2182] (org.apache.zookeeper.ClientCnxnSocketNetty)
[2022-08-08 22:28:23,381] INFO channel is told closing (org.apache.zookeeper.ClientCnxnSocketNetty)
[2022-08-08 22:28:23,382] INFO [ZooKeeperClient Kafka server] Closed. (kafka.zookeeper.ZooKeeperClient)
[2022-08-08 22:28:23,382] INFO [ThrottledChannelReaper-Fetch]: Shutting down (kafka.server.ClientQuotaManager$ThrottledChannelReaper)
[2022-08-08 22:28:23,383] INFO [ThrottledChannelReaper-Fetch]: Stopped (kafka.server.ClientQuotaManager$ThrottledChannelReaper)
[2022-08-08 22:28:23,383] INFO [ThrottledChannelReaper-Fetch]: Shutdown completed (kafka.server.ClientQuotaManager$ThrottledChannelReaper)
[2022-08-08 22:28:23,383] INFO [ThrottledChannelReaper-Produce]: Shutting down (kafka.server.ClientQuotaManager$ThrottledChannelReaper)
[2022-08-08 22:28:23,383] INFO [ThrottledChannelReaper-Produce]: Stopped (kafka.server.ClientQuotaManager$ThrottledChannelReaper)
[2022-08-08 22:28:23,383] INFO [ThrottledChannelReaper-Produce]: Shutdown completed (kafka.server.ClientQuotaManager$ThrottledChannelReaper)
[2022-08-08 22:28:23,383] INFO [ThrottledChannelReaper-Request]: Shutting down (kafka.server.ClientQuotaManager$ThrottledChannelReaper)
[2022-08-08 22:28:23,383] INFO [ThrottledChannelReaper-Request]: Stopped (kafka.server.ClientQuotaManager$ThrottledChannelReaper)
[2022-08-08 22:28:23,383] INFO [ThrottledChannelReaper-Request]: Shutdown completed (kafka.server.ClientQuotaManager$ThrottledChannelReaper)
[2022-08-08 22:28:23,383] INFO [ThrottledChannelReaper-ControllerMutation]: Shutting down (kafka.server.ClientQuotaManager$ThrottledChannelReaper)
[2022-08-08 22:28:23,384] INFO [ThrottledChannelReaper-ControllerMutation]: Stopped (kafka.server.ClientQuotaManager$ThrottledChannelReaper)
[2022-08-08 22:28:23,384] INFO [ThrottledChannelReaper-ControllerMutation]: Shutdown completed (kafka.server.ClientQuotaManager$ThrottledChannelReaper)
[2022-08-08 22:28:23,384] INFO [SocketServer listenerType=ZK_BROKER, nodeId=2] Shutting down socket server (kafka.network.SocketServer)
[2022-08-08 22:28:23,402] INFO [SocketServer listenerType=ZK_BROKER, nodeId=2] Shutdown completed (kafka.network.SocketServer)
[2022-08-08 22:28:23,402] INFO Metrics scheduler closed (org.apache.kafka.common.metrics.Metrics)
[2022-08-08 22:28:23,403] INFO Closing reporter org.apache.kafka.common.metrics.JmxReporter (org.apache.kafka.common.metrics.Metrics)
[2022-08-08 22:28:23,403] INFO Metrics reporters closed (org.apache.kafka.common.metrics.Metrics)
[2022-08-08 22:28:23,404] INFO Broker and topic stats closed (kafka.server.BrokerTopicStats)
[2022-08-08 22:28:23,405] INFO App info kafka.server for 2 unregistered (org.apache.kafka.common.utils.AppInfoParser)
[2022-08-08 22:28:23,405] INFO [KafkaServer id=2] shut down completed (kafka.server.KafkaServer)
