[2022-08-14 12:44:42,743] INFO [Broker id=2] Handling LeaderAndIsr request correlationId 9 from controller 0 for 17 partitions (state.change.logger)
[2022-08-14 12:44:42,755] INFO [Broker id=2] Stopped fetchers as part of LeaderAndIsr request correlationId 9 from controller 0 epoch 17 as part of the become-leader transition for 17 partitions (state.change.logger)
[2022-08-14 12:44:42,761] INFO [Broker id=2] Leader __consumer_offsets-37 starts at leader epoch 0 from offset 0 with high watermark 0 ISR [2] addingReplicas [] removingReplicas []. Previous leader epoch was -1. (state.change.logger)
[2022-08-14 12:44:42,769] INFO [Broker id=2] Leader __consumer_offsets-7 starts at leader epoch 0 from offset 0 with high watermark 0 ISR [2] addingReplicas [] removingReplicas []. Previous leader epoch was -1. (state.change.logger)
[2022-08-14 12:44:42,791] INFO [Broker id=2] Leader __consumer_offsets-22 starts at leader epoch 0 from offset 0 with high watermark 0 ISR [2] addingReplicas [] removingReplicas []. Previous leader epoch was -1. (state.change.logger)
[2022-08-14 12:44:42,819] INFO [Broker id=2] Leader __consumer_offsets-10 starts at leader epoch 0 from offset 0 with high watermark 0 ISR [2] addingReplicas [] removingReplicas []. Previous leader epoch was -1. (state.change.logger)
[2022-08-14 12:44:42,837] INFO [Broker id=2] Leader __consumer_offsets-31 starts at leader epoch 0 from offset 0 with high watermark 0 ISR [2] addingReplicas [] removingReplicas []. Previous leader epoch was -1. (state.change.logger)
[2022-08-14 12:44:42,845] INFO [Broker id=2] Leader __consumer_offsets-46 starts at leader epoch 0 from offset 0 with high watermark 0 ISR [2] addingReplicas [] removingReplicas []. Previous leader epoch was -1. (state.change.logger)
[2022-08-14 12:44:42,858] INFO [Broker id=2] Leader __consumer_offsets-1 starts at leader epoch 0 from offset 0 with high watermark 0 ISR [2] addingReplicas [] removingReplicas []. Previous leader epoch was -1. (state.change.logger)
[2022-08-14 12:44:42,874] INFO [Broker id=2] Leader __consumer_offsets-16 starts at leader epoch 0 from offset 0 with high watermark 0 ISR [2] addingReplicas [] removingReplicas []. Previous leader epoch was -1. (state.change.logger)
[2022-08-14 12:44:42,901] INFO [Broker id=2] Leader __consumer_offsets-19 starts at leader epoch 0 from offset 0 with high watermark 0 ISR [2] addingReplicas [] removingReplicas []. Previous leader epoch was -1. (state.change.logger)
[2022-08-14 12:44:42,918] INFO [Broker id=2] Leader __consumer_offsets-34 starts at leader epoch 0 from offset 0 with high watermark 0 ISR [2] addingReplicas [] removingReplicas []. Previous leader epoch was -1. (state.change.logger)
[2022-08-14 12:44:42,930] INFO [Broker id=2] Leader __consumer_offsets-4 starts at leader epoch 0 from offset 0 with high watermark 0 ISR [2] addingReplicas [] removingReplicas []. Previous leader epoch was -1. (state.change.logger)
[2022-08-14 12:44:42,941] INFO [Broker id=2] Leader __consumer_offsets-25 starts at leader epoch 0 from offset 0 with high watermark 0 ISR [2] addingReplicas [] removingReplicas []. Previous leader epoch was -1. (state.change.logger)
[2022-08-14 12:44:42,951] INFO [Broker id=2] Leader __consumer_offsets-40 starts at leader epoch 0 from offset 0 with high watermark 0 ISR [2] addingReplicas [] removingReplicas []. Previous leader epoch was -1. (state.change.logger)
[2022-08-14 12:44:42,959] INFO [Broker id=2] Leader __consumer_offsets-43 starts at leader epoch 0 from offset 0 with high watermark 0 ISR [2] addingReplicas [] removingReplicas []. Previous leader epoch was -1. (state.change.logger)
[2022-08-14 12:44:42,967] INFO [Broker id=2] Leader __consumer_offsets-13 starts at leader epoch 0 from offset 0 with high watermark 0 ISR [2] addingReplicas [] removingReplicas []. Previous leader epoch was -1. (state.change.logger)
[2022-08-14 12:44:42,989] INFO [Broker id=2] Leader __consumer_offsets-28 starts at leader epoch 0 from offset 0 with high watermark 0 ISR [2] addingReplicas [] removingReplicas []. Previous leader epoch was -1. (state.change.logger)
[2022-08-14 12:44:43,018] INFO [Broker id=2] Leader __consumer_offsets-49 starts at leader epoch 0 from offset 0 with high watermark 0 ISR [2] addingReplicas [] removingReplicas []. Previous leader epoch was -1. (state.change.logger)
[2022-08-14 12:44:43,027] INFO [Broker id=2] Finished LeaderAndIsr request in 284ms correlationId 9 from controller 0 for 17 partitions (state.change.logger)
[2022-08-14 12:44:43,036] INFO [Broker id=2] Add 50 partitions and deleted 0 partitions from metadata cache in response to UpdateMetadata request sent by controller 0 epoch 17 with correlation id 10 (state.change.logger)
