[2022-08-14 07:27:13,973] INFO Reading configuration from: config/zookeeper.properties (org.apache.zookeeper.server.quorum.QuorumPeerConfig)
[2022-08-14 07:27:13,974] WARN config/zookeeper.properties is relative. Prepend ./ to indicate that you're sure! (org.apache.zookeeper.server.quorum.QuorumPeerConfig)
[2022-08-14 07:27:13,977] INFO clientPortAddress is 0.0.0.0:2181 (org.apache.zookeeper.server.quorum.QuorumPeerConfig)
[2022-08-14 07:27:13,977] INFO secureClientPortAddress is 0.0.0.0:2182 (org.apache.zookeeper.server.quorum.QuorumPeerConfig)
[2022-08-14 07:27:13,979] INFO Setting -D jdk.tls.rejectClientInitiatedRenegotiation=true to disable client-initiated TLS renegotiation (org.apache.zookeeper.common.X509Util)
[2022-08-14 07:27:13,979] INFO observerMasterPort is not set (org.apache.zookeeper.server.quorum.QuorumPeerConfig)
[2022-08-14 07:27:13,979] INFO metricsProvider.className is org.apache.zookeeper.metrics.impl.DefaultMetricsProvider (org.apache.zookeeper.server.quorum.QuorumPeerConfig)
[2022-08-14 07:27:13,982] ERROR Invalid configuration, only one server specified (ignoring) (org.apache.zookeeper.server.quorum.QuorumPeerConfig)
[2022-08-14 07:27:13,983] INFO autopurge.snapRetainCount set to 3 (org.apache.zookeeper.server.DatadirCleanupManager)
[2022-08-14 07:27:13,983] INFO autopurge.purgeInterval set to 0 (org.apache.zookeeper.server.DatadirCleanupManager)
[2022-08-14 07:27:13,983] INFO Purge task is not scheduled. (org.apache.zookeeper.server.DatadirCleanupManager)
[2022-08-14 07:27:13,983] WARN Either no config or no quorum defined in config, running in standalone mode (org.apache.zookeeper.server.quorum.QuorumPeerMain)
[2022-08-14 07:27:13,984] INFO Log4j 1.2 jmx support not found; jmx disabled. (org.apache.zookeeper.jmx.ManagedUtil)
[2022-08-14 07:27:13,984] INFO Reading configuration from: config/zookeeper.properties (org.apache.zookeeper.server.quorum.QuorumPeerConfig)
[2022-08-14 07:27:13,984] WARN config/zookeeper.properties is relative. Prepend ./ to indicate that you're sure! (org.apache.zookeeper.server.quorum.QuorumPeerConfig)
[2022-08-14 07:27:13,985] INFO clientPortAddress is 0.0.0.0:2181 (org.apache.zookeeper.server.quorum.QuorumPeerConfig)
[2022-08-14 07:27:13,985] INFO secureClientPortAddress is 0.0.0.0:2182 (org.apache.zookeeper.server.quorum.QuorumPeerConfig)
[2022-08-14 07:27:13,985] INFO observerMasterPort is not set (org.apache.zookeeper.server.quorum.QuorumPeerConfig)
[2022-08-14 07:27:13,985] INFO metricsProvider.className is org.apache.zookeeper.metrics.impl.DefaultMetricsProvider (org.apache.zookeeper.server.quorum.QuorumPeerConfig)
[2022-08-14 07:27:13,985] ERROR Invalid configuration, only one server specified (ignoring) (org.apache.zookeeper.server.quorum.QuorumPeerConfig)
[2022-08-14 07:27:13,985] INFO Starting server (org.apache.zookeeper.server.ZooKeeperServerMain)
[2022-08-14 07:27:13,993] INFO ServerMetrics initialized with provider org.apache.zookeeper.metrics.impl.DefaultMetricsProvider@327b636c (org.apache.zookeeper.server.ServerMetrics)
[2022-08-14 07:27:13,995] INFO zookeeper.snapshot.trust.empty : false (org.apache.zookeeper.server.persistence.FileTxnSnapLog)
[2022-08-14 07:27:14,001] INFO  (org.apache.zookeeper.server.ZooKeeperServer)
[2022-08-14 07:27:14,001] INFO   ______                  _                                           (org.apache.zookeeper.server.ZooKeeperServer)
[2022-08-14 07:27:14,001] INFO  |___  /                 | |                                          (org.apache.zookeeper.server.ZooKeeperServer)
[2022-08-14 07:27:14,001] INFO     / /    ___     ___   | | __   ___    ___   _ __     ___   _ __    (org.apache.zookeeper.server.ZooKeeperServer)
[2022-08-14 07:27:14,001] INFO    / /    / _ \   / _ \  | |/ /  / _ \  / _ \ | '_ \   / _ \ | '__| (org.apache.zookeeper.server.ZooKeeperServer)
[2022-08-14 07:27:14,001] INFO   / /__  | (_) | | (_) | |   <  |  __/ |  __/ | |_) | |  __/ | |     (org.apache.zookeeper.server.ZooKeeperServer)
[2022-08-14 07:27:14,001] INFO  /_____|  \___/   \___/  |_|\_\  \___|  \___| | .__/   \___| |_| (org.apache.zookeeper.server.ZooKeeperServer)
[2022-08-14 07:27:14,001] INFO                                               | |                      (org.apache.zookeeper.server.ZooKeeperServer)
[2022-08-14 07:27:14,001] INFO                                               |_|                      (org.apache.zookeeper.server.ZooKeeperServer)
[2022-08-14 07:27:14,001] INFO  (org.apache.zookeeper.server.ZooKeeperServer)
[2022-08-14 07:27:14,230] INFO Server environment:zookeeper.version=3.6.3--6401e4ad2087061bc6b9f80dec2d69f2e3c8660a, built on 04/08/2021 16:35 GMT (org.apache.zookeeper.server.ZooKeeperServer)
[2022-08-14 07:27:14,230] INFO Server environment:host.name=Prasoons-MacBook-Pro (org.apache.zookeeper.server.ZooKeeperServer)
[2022-08-14 07:27:14,230] INFO Server environment:java.version=11.0.16 (org.apache.zookeeper.server.ZooKeeperServer)
[2022-08-14 07:27:14,230] INFO Server environment:java.vendor=Ubuntu (org.apache.zookeeper.server.ZooKeeperServer)
[2022-08-14 07:27:14,231] INFO Server environment:java.home=/usr/lib/jvm/java-11-openjdk-amd64 (org.apache.zookeeper.server.ZooKeeperServer)
[2022-08-14 07:27:14,231] INFO Server environment:java.class.path=/home/prasoon/kafka/bin/../libs/activation-1.1.1.jar:/home/prasoon/kafka/bin/../libs/aopalliance-repackaged-2.6.1.jar:/home/prasoon/kafka/bin/../libs/argparse4j-0.7.0.jar:/home/prasoon/kafka/bin/../libs/audience-annotations-0.5.0.jar:/home/prasoon/kafka/bin/../libs/commons-cli-1.4.jar:/home/prasoon/kafka/bin/../libs/commons-lang3-3.8.1.jar:/home/prasoon/kafka/bin/../libs/connect-api-3.2.0.jar:/home/prasoon/kafka/bin/../libs/connect-basic-auth-extension-3.2.0.jar:/home/prasoon/kafka/bin/../libs/connect-json-3.2.0.jar:/home/prasoon/kafka/bin/../libs/connect-mirror-3.2.0.jar:/home/prasoon/kafka/bin/../libs/connect-mirror-client-3.2.0.jar:/home/prasoon/kafka/bin/../libs/connect-runtime-3.2.0.jar:/home/prasoon/kafka/bin/../libs/connect-transforms-3.2.0.jar:/home/prasoon/kafka/bin/../libs/hk2-api-2.6.1.jar:/home/prasoon/kafka/bin/../libs/hk2-locator-2.6.1.jar:/home/prasoon/kafka/bin/../libs/hk2-utils-2.6.1.jar:/home/prasoon/kafka/bin/../libs/jackson-annotations-2.12.6.jar:/home/prasoon/kafka/bin/../libs/jackson-core-2.12.6.jar:/home/prasoon/kafka/bin/../libs/jackson-databind-2.12.6.1.jar:/home/prasoon/kafka/bin/../libs/jackson-dataformat-csv-2.12.6.jar:/home/prasoon/kafka/bin/../libs/jackson-datatype-jdk8-2.12.6.jar:/home/prasoon/kafka/bin/../libs/jackson-jaxrs-base-2.12.6.jar:/home/prasoon/kafka/bin/../libs/jackson-jaxrs-json-provider-2.12.6.jar:/home/prasoon/kafka/bin/../libs/jackson-module-jaxb-annotations-2.12.6.jar:/home/prasoon/kafka/bin/../libs/jackson-module-scala_2.13-2.12.6.jar:/home/prasoon/kafka/bin/../libs/jakarta.activation-api-1.2.1.jar:/home/prasoon/kafka/bin/../libs/jakarta.annotation-api-1.3.5.jar:/home/prasoon/kafka/bin/../libs/jakarta.inject-2.6.1.jar:/home/prasoon/kafka/bin/../libs/jakarta.validation-api-2.0.2.jar:/home/prasoon/kafka/bin/../libs/jakarta.ws.rs-api-2.1.6.jar:/home/prasoon/kafka/bin/../libs/jakarta.xml.bind-api-2.3.2.jar:/home/prasoon/kafka/bin/../libs/javassist-3.27.0-GA.jar:/home/prasoon/kafka/bin/../libs/javax.servlet-api-3.1.0.jar:/home/prasoon/kafka/bin/../libs/javax.ws.rs-api-2.1.1.jar:/home/prasoon/kafka/bin/../libs/jaxb-api-2.3.0.jar:/home/prasoon/kafka/bin/../libs/jersey-client-2.34.jar:/home/prasoon/kafka/bin/../libs/jersey-common-2.34.jar:/home/prasoon/kafka/bin/../libs/jersey-container-servlet-2.34.jar:/home/prasoon/kafka/bin/../libs/jersey-container-servlet-core-2.34.jar:/home/prasoon/kafka/bin/../libs/jersey-hk2-2.34.jar:/home/prasoon/kafka/bin/../libs/jersey-server-2.34.jar:/home/prasoon/kafka/bin/../libs/jetty-client-9.4.44.v20210927.jar:/home/prasoon/kafka/bin/../libs/jetty-continuation-9.4.44.v20210927.jar:/home/prasoon/kafka/bin/../libs/jetty-http-9.4.44.v20210927.jar:/home/prasoon/kafka/bin/../libs/jetty-io-9.4.44.v20210927.jar:/home/prasoon/kafka/bin/../libs/jetty-security-9.4.44.v20210927.jar:/home/prasoon/kafka/bin/../libs/jetty-server-9.4.44.v20210927.jar:/home/prasoon/kafka/bin/../libs/jetty-servlet-9.4.44.v20210927.jar:/home/prasoon/kafka/bin/../libs/jetty-servlets-9.4.44.v20210927.jar:/home/prasoon/kafka/bin/../libs/jetty-util-9.4.44.v20210927.jar:/home/prasoon/kafka/bin/../libs/jetty-util-ajax-9.4.44.v20210927.jar:/home/prasoon/kafka/bin/../libs/jline-3.21.0.jar:/home/prasoon/kafka/bin/../libs/jopt-simple-5.0.4.jar:/home/prasoon/kafka/bin/../libs/jose4j-0.7.9.jar:/home/prasoon/kafka/bin/../libs/kafka_2.13-3.2.0.jar:/home/prasoon/kafka/bin/../libs/kafka-clients-3.2.0.jar:/home/prasoon/kafka/bin/../libs/kafka-log4j-appender-3.2.0.jar:/home/prasoon/kafka/bin/../libs/kafka-metadata-3.2.0.jar:/home/prasoon/kafka/bin/../libs/kafka-raft-3.2.0.jar:/home/prasoon/kafka/bin/../libs/kafka-server-common-3.2.0.jar:/home/prasoon/kafka/bin/../libs/kafka-shell-3.2.0.jar:/home/prasoon/kafka/bin/../libs/kafka-storage-3.2.0.jar:/home/prasoon/kafka/bin/../libs/kafka-storage-api-3.2.0.jar:/home/prasoon/kafka/bin/../libs/kafka-streams-3.2.0.jar:/home/prasoon/kafka/bin/../libs/kafka-streams-examples-3.2.0.jar:/home/prasoon/kafka/bin/../libs/kafka-streams-scala_2.13-3.2.0.jar:/home/prasoon/kafka/bin/../libs/kafka-streams-test-utils-3.2.0.jar:/home/prasoon/kafka/bin/../libs/kafka-tools-3.2.0.jar:/home/prasoon/kafka/bin/../libs/lz4-java-1.8.0.jar:/home/prasoon/kafka/bin/../libs/maven-artifact-3.8.4.jar:/home/prasoon/kafka/bin/../libs/metrics-core-2.2.0.jar:/home/prasoon/kafka/bin/../libs/metrics-core-4.1.12.1.jar:/home/prasoon/kafka/bin/../libs/netty-buffer-4.1.73.Final.jar:/home/prasoon/kafka/bin/../libs/netty-codec-4.1.73.Final.jar:/home/prasoon/kafka/bin/../libs/netty-common-4.1.73.Final.jar:/home/prasoon/kafka/bin/../libs/netty-handler-4.1.73.Final.jar:/home/prasoon/kafka/bin/../libs/netty-resolver-4.1.73.Final.jar:/home/prasoon/kafka/bin/../libs/netty-tcnative-classes-2.0.46.Final.jar:/home/prasoon/kafka/bin/../libs/netty-transport-4.1.73.Final.jar:/home/prasoon/kafka/bin/../libs/netty-transport-classes-epoll-4.1.73.Final.jar:/home/prasoon/kafka/bin/../libs/netty-transport-native-epoll-4.1.73.Final.jar:/home/prasoon/kafka/bin/../libs/netty-transport-native-unix-common-4.1.73.Final.jar:/home/prasoon/kafka/bin/../libs/osgi-resource-locator-1.0.3.jar:/home/prasoon/kafka/bin/../libs/paranamer-2.8.jar:/home/prasoon/kafka/bin/../libs/plexus-utils-3.3.0.jar:/home/prasoon/kafka/bin/../libs/reflections-0.9.12.jar:/home/prasoon/kafka/bin/../libs/reload4j-1.2.19.jar:/home/prasoon/kafka/bin/../libs/rocksdbjni-6.29.4.1.jar:/home/prasoon/kafka/bin/../libs/scala-collection-compat_2.13-2.6.0.jar:/home/prasoon/kafka/bin/../libs/scala-java8-compat_2.13-1.0.2.jar:/home/prasoon/kafka/bin/../libs/scala-library-2.13.8.jar:/home/prasoon/kafka/bin/../libs/scala-logging_2.13-3.9.4.jar:/home/prasoon/kafka/bin/../libs/scala-reflect-2.13.8.jar:/home/prasoon/kafka/bin/../libs/slf4j-api-1.7.36.jar:/home/prasoon/kafka/bin/../libs/slf4j-reload4j-1.7.36.jar:/home/prasoon/kafka/bin/../libs/snappy-java-1.1.8.4.jar:/home/prasoon/kafka/bin/../libs/trogdor-3.2.0.jar:/home/prasoon/kafka/bin/../libs/zookeeper-3.6.3.jar:/home/prasoon/kafka/bin/../libs/zookeeper-jute-3.6.3.jar:/home/prasoon/kafka/bin/../libs/zstd-jni-1.5.2-1.jar (org.apache.zookeeper.server.ZooKeeperServer)
[2022-08-14 07:27:14,231] INFO Server environment:java.library.path=/usr/java/packages/lib:/usr/lib/x86_64-linux-gnu/jni:/lib/x86_64-linux-gnu:/usr/lib/x86_64-linux-gnu:/usr/lib/jni:/lib:/usr/lib (org.apache.zookeeper.server.ZooKeeperServer)
[2022-08-14 07:27:14,232] INFO Server environment:java.io.tmpdir=/tmp (org.apache.zookeeper.server.ZooKeeperServer)
[2022-08-14 07:27:14,232] INFO Server environment:java.compiler=<NA> (org.apache.zookeeper.server.ZooKeeperServer)
[2022-08-14 07:27:14,232] INFO Server environment:os.name=Linux (org.apache.zookeeper.server.ZooKeeperServer)
[2022-08-14 07:27:14,232] INFO Server environment:os.arch=amd64 (org.apache.zookeeper.server.ZooKeeperServer)
[2022-08-14 07:27:14,232] INFO Server environment:os.version=5.15.0-46-generic (org.apache.zookeeper.server.ZooKeeperServer)
[2022-08-14 07:27:14,232] INFO Server environment:user.name=prasoon (org.apache.zookeeper.server.ZooKeeperServer)
[2022-08-14 07:27:14,233] INFO Server environment:user.home=/home/prasoon (org.apache.zookeeper.server.ZooKeeperServer)
[2022-08-14 07:27:14,233] INFO Server environment:user.dir=/home/prasoon/kafka (org.apache.zookeeper.server.ZooKeeperServer)
[2022-08-14 07:27:14,233] INFO Server environment:os.memory.free=489MB (org.apache.zookeeper.server.ZooKeeperServer)
[2022-08-14 07:27:14,233] INFO Server environment:os.memory.max=512MB (org.apache.zookeeper.server.ZooKeeperServer)
[2022-08-14 07:27:14,233] INFO Server environment:os.memory.total=512MB (org.apache.zookeeper.server.ZooKeeperServer)
[2022-08-14 07:27:14,234] INFO zookeeper.enableEagerACLCheck = false (org.apache.zookeeper.server.ZooKeeperServer)
[2022-08-14 07:27:14,234] INFO zookeeper.digest.enabled = true (org.apache.zookeeper.server.ZooKeeperServer)
[2022-08-14 07:27:14,234] INFO zookeeper.closeSessionTxn.enabled = true (org.apache.zookeeper.server.ZooKeeperServer)
[2022-08-14 07:27:14,235] INFO zookeeper.flushDelay=0 (org.apache.zookeeper.server.ZooKeeperServer)
[2022-08-14 07:27:14,235] INFO zookeeper.maxWriteQueuePollTime=0 (org.apache.zookeeper.server.ZooKeeperServer)
[2022-08-14 07:27:14,235] INFO zookeeper.maxBatchSize=1000 (org.apache.zookeeper.server.ZooKeeperServer)
[2022-08-14 07:27:14,236] INFO zookeeper.intBufferStartingSizeBytes = 1024 (org.apache.zookeeper.server.ZooKeeperServer)
[2022-08-14 07:27:14,239] INFO Weighed connection throttling is disabled (org.apache.zookeeper.server.BlueThrottle)
[2022-08-14 07:27:14,243] INFO minSessionTimeout set to 6000 (org.apache.zookeeper.server.ZooKeeperServer)
[2022-08-14 07:27:14,243] INFO maxSessionTimeout set to 60000 (org.apache.zookeeper.server.ZooKeeperServer)
[2022-08-14 07:27:14,246] INFO Response cache size is initialized with value 400. (org.apache.zookeeper.server.ResponseCache)
[2022-08-14 07:27:14,247] INFO Response cache size is initialized with value 400. (org.apache.zookeeper.server.ResponseCache)
[2022-08-14 07:27:14,250] INFO zookeeper.pathStats.slotCapacity = 60 (org.apache.zookeeper.server.util.RequestPathMetricsCollector)
[2022-08-14 07:27:14,250] INFO zookeeper.pathStats.slotDuration = 15 (org.apache.zookeeper.server.util.RequestPathMetricsCollector)
[2022-08-14 07:27:14,250] INFO zookeeper.pathStats.maxDepth = 6 (org.apache.zookeeper.server.util.RequestPathMetricsCollector)
[2022-08-14 07:27:14,250] INFO zookeeper.pathStats.initialDelay = 5 (org.apache.zookeeper.server.util.RequestPathMetricsCollector)
[2022-08-14 07:27:14,251] INFO zookeeper.pathStats.delay = 5 (org.apache.zookeeper.server.util.RequestPathMetricsCollector)
[2022-08-14 07:27:14,251] INFO zookeeper.pathStats.enabled = false (org.apache.zookeeper.server.util.RequestPathMetricsCollector)
[2022-08-14 07:27:14,257] INFO The max bytes for all large requests are set to 104857600 (org.apache.zookeeper.server.ZooKeeperServer)
[2022-08-14 07:27:14,258] INFO The large request threshold is set to -1 (org.apache.zookeeper.server.ZooKeeperServer)
[2022-08-14 07:27:14,258] INFO Created server with tickTime 3000 minSessionTimeout 6000 maxSessionTimeout 60000 clientPortListenBacklog -1 datadir /home/prasoon/kafka/data/zookeeper/version-2 snapdir /home/prasoon/kafka/data/zookeeper/version-2 (org.apache.zookeeper.server.ZooKeeperServer)
[2022-08-14 07:27:14,321] INFO Logging initialized @668ms to org.eclipse.jetty.util.log.Slf4jLog (org.eclipse.jetty.util.log)
[2022-08-14 07:27:14,398] WARN o.e.j.s.ServletContextHandler@55fe41ea{/,null,STOPPED} contextPath ends with /* (org.eclipse.jetty.server.handler.ContextHandler)
[2022-08-14 07:27:14,398] WARN Empty contextPath (org.eclipse.jetty.server.handler.ContextHandler)
[2022-08-14 07:27:14,412] INFO jetty-9.4.44.v20210927; built: 2021-09-27T23:02:44.612Z; git: 8da83308eeca865e495e53ef315a249d63ba9332; jvm 11.0.16+8-post-Ubuntu-0ubuntu120.04 (org.eclipse.jetty.server.Server)
[2022-08-14 07:27:14,430] INFO DefaultSessionIdManager workerName=node0 (org.eclipse.jetty.server.session)
[2022-08-14 07:27:14,430] INFO No SessionScavenger set, using defaults (org.eclipse.jetty.server.session)
[2022-08-14 07:27:14,431] INFO node0 Scavenging every 660000ms (org.eclipse.jetty.server.session)
[2022-08-14 07:27:14,433] WARN ServletContext@o.e.j.s.ServletContextHandler@55fe41ea{/,null,STARTING} has uncovered http methods for path: /* (org.eclipse.jetty.security.SecurityHandler)
[2022-08-14 07:27:14,439] INFO Started o.e.j.s.ServletContextHandler@55fe41ea{/,null,AVAILABLE} (org.eclipse.jetty.server.handler.ContextHandler)
[2022-08-14 07:27:14,444] ERROR Unable to start AdminServer, exiting abnormally (org.apache.zookeeper.server.ZooKeeperServerMain)
org.apache.zookeeper.server.admin.AdminServer$AdminServerException: Problem starting AdminServer on address 0.0.0.0, port 9090 and command URL /commands
	at org.apache.zookeeper.server.admin.JettyAdminServer.start(JettyAdminServer.java:189)
	at org.apache.zookeeper.server.ZooKeeperServerMain.runFromConfig(ZooKeeperServerMain.java:153)
	at org.apache.zookeeper.server.ZooKeeperServerMain.initializeAndRun(ZooKeeperServerMain.java:112)
	at org.apache.zookeeper.server.ZooKeeperServerMain.main(ZooKeeperServerMain.java:67)
	at org.apache.zookeeper.server.quorum.QuorumPeerMain.initializeAndRun(QuorumPeerMain.java:140)
	at org.apache.zookeeper.server.quorum.QuorumPeerMain.main(QuorumPeerMain.java:90)
Caused by: java.io.IOException: Failed to bind to /0.0.0.0:9090
	at org.eclipse.jetty.server.ServerConnector.openAcceptChannel(ServerConnector.java:349)
	at org.eclipse.jetty.server.ServerConnector.open(ServerConnector.java:310)
	at org.eclipse.jetty.server.AbstractNetworkConnector.doStart(AbstractNetworkConnector.java:80)
	at org.eclipse.jetty.server.ServerConnector.doStart(ServerConnector.java:234)
	at org.eclipse.jetty.util.component.AbstractLifeCycle.start(AbstractLifeCycle.java:73)
	at org.eclipse.jetty.server.Server.doStart(Server.java:401)
	at org.eclipse.jetty.util.component.AbstractLifeCycle.start(AbstractLifeCycle.java:73)
	at org.apache.zookeeper.server.admin.JettyAdminServer.start(JettyAdminServer.java:180)
	... 5 more
Caused by: java.net.BindException: Address already in use
	at java.base/sun.nio.ch.Net.bind0(Native Method)
	at java.base/sun.nio.ch.Net.bind(Net.java:459)
	at java.base/sun.nio.ch.Net.bind(Net.java:448)
	at java.base/sun.nio.ch.ServerSocketChannelImpl.bind(ServerSocketChannelImpl.java:227)
	at java.base/sun.nio.ch.ServerSocketAdaptor.bind(ServerSocketAdaptor.java:80)
	at org.eclipse.jetty.server.ServerConnector.openAcceptChannel(ServerConnector.java:344)
	... 12 more
Unable to start AdminServer, exiting abnormally
[2022-08-14 07:27:14,446] INFO ZooKeeper audit is disabled. (org.apache.zookeeper.audit.ZKAuditProvider)
[2022-08-14 07:27:14,446] ERROR Exiting JVM with code 4 (org.apache.zookeeper.util.ServiceUtils)
